2024-08-06T00:11:46.566+05:30  INFO 4580 --- [MovieBookingApplication] [kafka-coordinator-heartbeat-thread | myGroup] o.a.k.c.c.internals.ConsumerCoordinator  : [Consumer clientId=consumer-myGroup-1, groupId=myGroup] Group coordinator LAPTOP-GU3G15QC:9092 (id: 2147483647 rack: null) is unavailable or invalid due to cause: session timed out without receiving a heartbeat response. isDisconnected: false. Rediscovery will be attempted.
2024-08-06T00:11:46.728+05:30  INFO 4580 --- [MovieBookingApplication] [kafka-coordinator-heartbeat-thread | myGroup] o.a.k.c.c.internals.ConsumerCoordinator  : [Consumer clientId=consumer-myGroup-1, groupId=myGroup] Requesting disconnect from last known coordinator LAPTOP-GU3G15QC:9092 (id: 2147483647 rack: null)
2024-08-06T00:11:46.733+05:30  INFO 4580 --- [MovieBookingApplication] [kafka-coordinator-heartbeat-thread | myGroup] org.apache.kafka.clients.NetworkClient   : [Consumer clientId=consumer-myGroup-1, groupId=myGroup] Client requested disconnect from node 2147483647
2024-08-06T00:11:46.865+05:30  INFO 4580 --- [MovieBookingApplication] [org.springframework.kafka.KafkaListenerEndpointContainer#0-0-C-1] o.a.k.c.c.internals.ConsumerCoordinator  : [Consumer clientId=consumer-myGroup-1, groupId=myGroup] Discovered group coordinator LAPTOP-GU3G15QC:9092 (id: 2147483647 rack: null)
2024-08-06T00:11:46.881+05:30  INFO 4580 --- [MovieBookingApplication] [org.springframework.kafka.KafkaListenerEndpointContainer#0-0-C-1] o.a.k.c.c.internals.ConsumerCoordinator  : [Consumer clientId=consumer-myGroup-1, groupId=myGroup] Attempt to heartbeat with Generation{generationId=126, memberId='consumer-myGroup-1-6a49c988-e1b1-4162-aade-748663544f53', protocol='range'} and group instance id Optional.empty failed due to UNKNOWN_MEMBER_ID, resetting generation
2024-08-06T00:11:46.882+05:30  INFO 4580 --- [MovieBookingApplication] [org.springframework.kafka.KafkaListenerEndpointContainer#0-0-C-1] o.a.k.c.c.internals.ConsumerCoordinator  : [Consumer clientId=consumer-myGroup-1, groupId=myGroup] Resetting generation and member id due to: encountered UNKNOWN_MEMBER_ID from HEARTBEAT response
2024-08-06T00:11:46.882+05:30  INFO 4580 --- [MovieBookingApplication] [org.springframework.kafka.KafkaListenerEndpointContainer#0-0-C-1] o.a.k.c.c.internals.ConsumerCoordinator  : [Consumer clientId=consumer-myGroup-1, groupId=myGroup] Request joining group due to: encountered UNKNOWN_MEMBER_ID from HEARTBEAT response
2024-08-06T00:11:46.883+05:30  INFO 4580 --- [MovieBookingApplication] [org.springframework.kafka.KafkaListenerEndpointContainer#0-0-C-1] o.a.k.c.c.internals.ConsumerCoordinator  : [Consumer clientId=consumer-myGroup-1, groupId=myGroup] Giving away all assigned partitions as lost since generation/memberID has been reset,indicating that consumer is in old state or no longer part of the group
2024-08-06T00:11:46.884+05:30  INFO 4580 --- [MovieBookingApplication] [org.springframework.kafka.KafkaListenerEndpointContainer#0-0-C-1] k.c.c.i.ConsumerRebalanceListenerInvoker : [Consumer clientId=consumer-myGroup-1, groupId=myGroup] Lost previously assigned partitions Book_Ticket-0
2024-08-06T00:11:46.886+05:30  INFO 4580 --- [MovieBookingApplication] [org.springframework.kafka.KafkaListenerEndpointContainer#0-0-C-1] o.s.k.l.KafkaMessageListenerContainer    : myGroup: partitions lost: [Book_Ticket-0]
2024-08-06T00:11:46.887+05:30  INFO 4580 --- [MovieBookingApplication] [org.springframework.kafka.KafkaListenerEndpointContainer#0-0-C-1] o.s.k.l.KafkaMessageListenerContainer    : myGroup: partitions revoked: [Book_Ticket-0]
2024-08-06T00:11:46.889+05:30  INFO 4580 --- [MovieBookingApplication] [org.springframework.kafka.KafkaListenerEndpointContainer#0-0-C-1] o.a.k.c.c.internals.ConsumerCoordinator  : [Consumer clientId=consumer-myGroup-1, groupId=myGroup] (Re-)joining group
2024-08-06T00:11:46.913+05:30  INFO 4580 --- [MovieBookingApplication] [org.springframework.kafka.KafkaListenerEndpointContainer#0-0-C-1] o.a.k.c.c.internals.ConsumerCoordinator  : [Consumer clientId=consumer-myGroup-1, groupId=myGroup] Request joining group due to: need to re-join with the given member-id: consumer-myGroup-1-dba5a88f-1961-4b46-a746-1dc144d2b9a7
2024-08-06T00:11:47.016+05:30  INFO 4580 --- [MovieBookingApplication] [org.springframework.kafka.KafkaListenerEndpointContainer#0-0-C-1] o.a.k.c.c.internals.ConsumerCoordinator  : [Consumer clientId=consumer-myGroup-1, groupId=myGroup] (Re-)joining group
2024-08-06T00:11:47.059+05:30  INFO 4580 --- [MovieBookingApplication] [org.springframework.kafka.KafkaListenerEndpointContainer#0-0-C-1] o.a.k.c.c.internals.ConsumerCoordinator  : [Consumer clientId=consumer-myGroup-1, groupId=myGroup] Successfully joined group with generation Generation{generationId=128, memberId='consumer-myGroup-1-dba5a88f-1961-4b46-a746-1dc144d2b9a7', protocol='range'}
2024-08-06T00:11:47.061+05:30  INFO 4580 --- [MovieBookingApplication] [org.springframework.kafka.KafkaListenerEndpointContainer#0-0-C-1] o.a.k.c.c.internals.ConsumerCoordinator  : [Consumer clientId=consumer-myGroup-1, groupId=myGroup] Finished assignment for group at generation 128: {consumer-myGroup-1-dba5a88f-1961-4b46-a746-1dc144d2b9a7=Assignment(partitions=[Book_Ticket-0])}
2024-08-06T00:11:47.083+05:30  INFO 4580 --- [MovieBookingApplication] [org.springframework.kafka.KafkaListenerEndpointContainer#0-0-C-1] o.a.k.c.c.internals.ConsumerCoordinator  : [Consumer clientId=consumer-myGroup-1, groupId=myGroup] Successfully synced group in generation Generation{generationId=128, memberId='consumer-myGroup-1-dba5a88f-1961-4b46-a746-1dc144d2b9a7', protocol='range'}
2024-08-06T00:11:47.083+05:30  INFO 4580 --- [MovieBookingApplication] [org.springframework.kafka.KafkaListenerEndpointContainer#0-0-C-1] o.a.k.c.c.internals.ConsumerCoordinator  : [Consumer clientId=consumer-myGroup-1, groupId=myGroup] Notifying assignor about the new Assignment(partitions=[Book_Ticket-0])
2024-08-06T00:11:47.083+05:30  INFO 4580 --- [MovieBookingApplication] [org.springframework.kafka.KafkaListenerEndpointContainer#0-0-C-1] k.c.c.i.ConsumerRebalanceListenerInvoker : [Consumer clientId=consumer-myGroup-1, groupId=myGroup] Adding newly assigned partitions: Book_Ticket-0
2024-08-06T00:11:47.098+05:30  INFO 4580 --- [MovieBookingApplication] [org.springframework.kafka.KafkaListenerEndpointContainer#0-0-C-1] o.a.k.c.c.internals.ConsumerUtils        : Setting offset for partition Book_Ticket-0 to the committed offset FetchPosition{offset=45, offsetEpoch=Optional.empty, currentLeader=LeaderAndEpoch{leader=Optional[LAPTOP-GU3G15QC:9092 (id: 0 rack: null)], epoch=0}}
2024-08-06T00:11:47.099+05:30  INFO 4580 --- [MovieBookingApplication] [org.springframework.kafka.KafkaListenerEndpointContainer#0-0-C-1] o.s.k.l.KafkaMessageListenerContainer    : myGroup: partitions assigned: [Book_Ticket-0]
2024-08-06T01:06:53.383+05:30  INFO 17472 --- [MovieBookingApplication] [restartedMain] c.m.MovieBookingApplication              : Starting MovieBookingApplication using Java 21.0.3 with PID 17472 (C:\Users\Pratyusha Das\Documents\workspace-spring-tool-suite-4-4.23.1.RELEASE\MovieBookingApp\target\classes started by Pratyusha Das in C:\Users\Pratyusha Das\Documents\workspace-spring-tool-suite-4-4.23.1.RELEASE\MovieBookingApp)
2024-08-06T01:06:53.388+05:30  INFO 17472 --- [MovieBookingApplication] [restartedMain] c.m.MovieBookingApplication              : No active profile set, falling back to 1 default profile: "default"
2024-08-06T01:06:53.463+05:30  INFO 17472 --- [MovieBookingApplication] [restartedMain] o.s.b.devtools.restart.ChangeableUrls    : The Class-Path manifest attribute in C:\Users\Pratyusha Das\.m2\repository\org\glassfish\jaxb\jaxb-runtime\2.3.1\jaxb-runtime-2.3.1.jar referenced one or more files that do not exist: file:/C:/Users/Pratyusha%20Das/.m2/repository/org/glassfish/jaxb/jaxb-runtime/2.3.1/jaxb-api-2.3.1.jar,file:/C:/Users/Pratyusha%20Das/.m2/repository/org/glassfish/jaxb/jaxb-runtime/2.3.1/txw2-2.3.1.jar,file:/C:/Users/Pratyusha%20Das/.m2/repository/org/glassfish/jaxb/jaxb-runtime/2.3.1/istack-commons-runtime-3.0.7.jar,file:/C:/Users/Pratyusha%20Das/.m2/repository/org/glassfish/jaxb/jaxb-runtime/2.3.1/stax-ex-1.8.jar,file:/C:/Users/Pratyusha%20Das/.m2/repository/org/glassfish/jaxb/jaxb-runtime/2.3.1/FastInfoset-1.2.15.jar,file:/C:/Users/Pratyusha%20Das/.m2/repository/org/glassfish/jaxb/jaxb-runtime/2.3.1/javax.activation-api-1.2.0.jar
2024-08-06T01:06:53.464+05:30  INFO 17472 --- [MovieBookingApplication] [restartedMain] .e.DevToolsPropertyDefaultsPostProcessor : Devtools property defaults active! Set 'spring.devtools.add-properties' to 'false' to disable
2024-08-06T01:06:53.464+05:30  INFO 17472 --- [MovieBookingApplication] [restartedMain] .e.DevToolsPropertyDefaultsPostProcessor : For additional web related logging consider setting the 'logging.level.web' property to 'DEBUG'
2024-08-06T01:06:54.234+05:30  INFO 17472 --- [MovieBookingApplication] [restartedMain] .s.d.r.c.RepositoryConfigurationDelegate : Bootstrapping Spring Data MongoDB repositories in DEFAULT mode.
2024-08-06T01:06:54.287+05:30  INFO 17472 --- [MovieBookingApplication] [restartedMain] .s.d.r.c.RepositoryConfigurationDelegate : Finished Spring Data repository scanning in 41 ms. Found 4 MongoDB repository interfaces.
2024-08-06T01:06:54.717+05:30  INFO 17472 --- [MovieBookingApplication] [restartedMain] o.s.b.w.embedded.tomcat.TomcatWebServer  : Tomcat initialized with port 8081 (http)
2024-08-06T01:06:54.732+05:30  INFO 17472 --- [MovieBookingApplication] [restartedMain] o.apache.catalina.core.StandardService   : Starting service [Tomcat]
2024-08-06T01:06:54.732+05:30  INFO 17472 --- [MovieBookingApplication] [restartedMain] o.apache.catalina.core.StandardEngine    : Starting Servlet engine: [Apache Tomcat/10.1.26]
2024-08-06T01:06:54.782+05:30  INFO 17472 --- [MovieBookingApplication] [restartedMain] o.a.c.c.C.[Tomcat].[localhost].[/]       : Initializing Spring embedded WebApplicationContext
2024-08-06T01:06:54.783+05:30  INFO 17472 --- [MovieBookingApplication] [restartedMain] w.s.c.ServletWebServerApplicationContext : Root WebApplicationContext: initialization completed in 1318 ms
2024-08-06T01:06:55.025+05:30  INFO 17472 --- [MovieBookingApplication] [restartedMain] org.mongodb.driver.client                : MongoClient with metadata {"driver": {"name": "mongo-java-driver|sync|spring-boot", "version": "5.0.1"}, "os": {"type": "Windows", "name": "Windows 11", "architecture": "amd64", "version": "10.0"}, "platform": "Java/Eclipse Adoptium/21.0.3+9-LTS"} created with settings MongoClientSettings{readPreference=primary, writeConcern=WriteConcern{w=null, wTimeout=null ms, journal=null}, retryWrites=true, retryReads=true, readConcern=ReadConcern{level=null}, credential=null, transportSettings=null, commandListeners=[io.micrometer.core.instrument.binder.mongodb.MongoMetricsCommandListener@3e7df0ce], codecRegistry=ProvidersCodecRegistry{codecProviders=[ValueCodecProvider{}, BsonValueCodecProvider{}, DBRefCodecProvider{}, DBObjectCodecProvider{}, DocumentCodecProvider{}, CollectionCodecProvider{}, IterableCodecProvider{}, MapCodecProvider{}, GeoJsonCodecProvider{}, GridFSFileCodecProvider{}, Jsr310CodecProvider{}, JsonObjectCodecProvider{}, BsonCodecProvider{}, EnumCodecProvider{}, com.mongodb.client.model.mql.ExpressionCodecProvider@7f1f2dde, com.mongodb.Jep395RecordCodecProvider@607efadd, com.mongodb.KotlinCodecProvider@14a4f016]}, loggerSettings=LoggerSettings{maxDocumentLength=1000}, clusterSettings={hosts=[localhost:27017], srvServiceName=mongodb, mode=SINGLE, requiredClusterType=UNKNOWN, requiredReplicaSetName='null', serverSelector='null', clusterListeners='[]', serverSelectionTimeout='30000 ms', localThreshold='15 ms'}, socketSettings=SocketSettings{connectTimeoutMS=10000, readTimeoutMS=0, receiveBufferSize=0, proxySettings=ProxySettings{host=null, port=null, username=null, password=null}}, heartbeatSocketSettings=SocketSettings{connectTimeoutMS=10000, readTimeoutMS=10000, receiveBufferSize=0, proxySettings=ProxySettings{host=null, port=null, username=null, password=null}}, connectionPoolSettings=ConnectionPoolSettings{maxSize=100, minSize=0, maxWaitTimeMS=120000, maxConnectionLifeTimeMS=0, maxConnectionIdleTimeMS=0, maintenanceInitialDelayMS=0, maintenanceFrequencyMS=60000, connectionPoolListeners=[io.micrometer.core.instrument.binder.mongodb.MongoMetricsConnectionPoolListener@458e99cc], maxConnecting=2}, serverSettings=ServerSettings{heartbeatFrequencyMS=10000, minHeartbeatFrequencyMS=500, serverListeners='[]', serverMonitorListeners='[]'}, sslSettings=SslSettings{enabled=false, invalidHostNameAllowed=false, context=null}, applicationName='null', compressorList=[], uuidRepresentation=JAVA_LEGACY, serverApi=null, autoEncryptionSettings=null, dnsClient=null, inetAddressResolver=null, contextProvider=null}
2024-08-06T01:06:55.071+05:30  INFO 17472 --- [MovieBookingApplication] [cluster-ClusterId{value='66b129d60b0239004db76008', description='null'}-localhost:27017] org.mongodb.driver.cluster               : Monitor thread successfully connected to server with description ServerDescription{address=localhost:27017, type=STANDALONE, state=CONNECTED, ok=true, minWireVersion=0, maxWireVersion=21, maxDocumentSize=16777216, logicalSessionTimeoutMinutes=30, roundTripTimeNanos=46492700}
2024-08-06T01:06:55.346+05:30  INFO 17472 --- [MovieBookingApplication] [restartedMain] o.s.b.d.a.OptionalLiveReloadServer       : LiveReload server is running on port 35729
2024-08-06T01:06:55.498+05:30  INFO 17472 --- [MovieBookingApplication] [restartedMain] r$InitializeUserDetailsManagerConfigurer : Global AuthenticationManager configured with UserDetailsService bean with name myUserDetailsService
2024-08-06T01:06:55.750+05:30  INFO 17472 --- [MovieBookingApplication] [restartedMain] o.s.b.a.e.web.EndpointLinksResolver      : Exposing 16 endpoints beneath base path '/actuator'
2024-08-06T01:06:56.068+05:30  INFO 17472 --- [MovieBookingApplication] [restartedMain] o.s.b.w.embedded.tomcat.TomcatWebServer  : Tomcat started on port 8081 (http) with context path '/'
2024-08-06T01:06:56.108+05:30  INFO 17472 --- [MovieBookingApplication] [restartedMain] o.a.k.clients.consumer.ConsumerConfig    : ConsumerConfig values: 
	allow.auto.create.topics = true
	auto.commit.interval.ms = 5000
	auto.include.jmx.reporter = true
	auto.offset.reset = earliest
	bootstrap.servers = [localhost:9092]
	check.crcs = true
	client.dns.lookup = use_all_dns_ips
	client.id = consumer-myGroup-1
	client.rack = 
	connections.max.idle.ms = 540000
	default.api.timeout.ms = 60000
	enable.auto.commit = false
	enable.metrics.push = true
	exclude.internal.topics = true
	fetch.max.bytes = 52428800
	fetch.max.wait.ms = 500
	fetch.min.bytes = 1
	group.id = myGroup
	group.instance.id = null
	group.protocol = classic
	group.remote.assignor = null
	heartbeat.interval.ms = 3000
	interceptor.classes = []
	internal.leave.group.on.close = true
	internal.throw.on.fetch.stable.offset.unsupported = false
	isolation.level = read_uncommitted
	key.deserializer = class org.apache.kafka.common.serialization.StringDeserializer
	max.partition.fetch.bytes = 1048576
	max.poll.interval.ms = 300000
	max.poll.records = 500
	metadata.max.age.ms = 300000
	metric.reporters = []
	metrics.num.samples = 2
	metrics.recording.level = INFO
	metrics.sample.window.ms = 30000
	partition.assignment.strategy = [class org.apache.kafka.clients.consumer.RangeAssignor, class org.apache.kafka.clients.consumer.CooperativeStickyAssignor]
	receive.buffer.bytes = 65536
	reconnect.backoff.max.ms = 1000
	reconnect.backoff.ms = 50
	request.timeout.ms = 30000
	retry.backoff.max.ms = 1000
	retry.backoff.ms = 100
	sasl.client.callback.handler.class = null
	sasl.jaas.config = null
	sasl.kerberos.kinit.cmd = /usr/bin/kinit
	sasl.kerberos.min.time.before.relogin = 60000
	sasl.kerberos.service.name = null
	sasl.kerberos.ticket.renew.jitter = 0.05
	sasl.kerberos.ticket.renew.window.factor = 0.8
	sasl.login.callback.handler.class = null
	sasl.login.class = null
	sasl.login.connect.timeout.ms = null
	sasl.login.read.timeout.ms = null
	sasl.login.refresh.buffer.seconds = 300
	sasl.login.refresh.min.period.seconds = 60
	sasl.login.refresh.window.factor = 0.8
	sasl.login.refresh.window.jitter = 0.05
	sasl.login.retry.backoff.max.ms = 10000
	sasl.login.retry.backoff.ms = 100
	sasl.mechanism = GSSAPI
	sasl.oauthbearer.clock.skew.seconds = 30
	sasl.oauthbearer.expected.audience = null
	sasl.oauthbearer.expected.issuer = null
	sasl.oauthbearer.jwks.endpoint.refresh.ms = 3600000
	sasl.oauthbearer.jwks.endpoint.retry.backoff.max.ms = 10000
	sasl.oauthbearer.jwks.endpoint.retry.backoff.ms = 100
	sasl.oauthbearer.jwks.endpoint.url = null
	sasl.oauthbearer.scope.claim.name = scope
	sasl.oauthbearer.sub.claim.name = sub
	sasl.oauthbearer.token.endpoint.url = null
	security.protocol = PLAINTEXT
	security.providers = null
	send.buffer.bytes = 131072
	session.timeout.ms = 45000
	socket.connection.setup.timeout.max.ms = 30000
	socket.connection.setup.timeout.ms = 10000
	ssl.cipher.suites = null
	ssl.enabled.protocols = [TLSv1.2, TLSv1.3]
	ssl.endpoint.identification.algorithm = https
	ssl.engine.factory.class = null
	ssl.key.password = null
	ssl.keymanager.algorithm = SunX509
	ssl.keystore.certificate.chain = null
	ssl.keystore.key = null
	ssl.keystore.location = null
	ssl.keystore.password = null
	ssl.keystore.type = JKS
	ssl.protocol = TLSv1.3
	ssl.provider = null
	ssl.secure.random.implementation = null
	ssl.trustmanager.algorithm = PKIX
	ssl.truststore.certificates = null
	ssl.truststore.location = null
	ssl.truststore.password = null
	ssl.truststore.type = JKS
	value.deserializer = class org.apache.kafka.common.serialization.StringDeserializer

2024-08-06T01:06:56.168+05:30  INFO 17472 --- [MovieBookingApplication] [restartedMain] o.a.k.c.t.i.KafkaMetricsCollector        : initializing Kafka metrics collector
2024-08-06T01:06:56.268+05:30  INFO 17472 --- [MovieBookingApplication] [restartedMain] o.a.kafka.common.utils.AppInfoParser     : Kafka version: 3.7.1
2024-08-06T01:06:56.269+05:30  INFO 17472 --- [MovieBookingApplication] [restartedMain] o.a.kafka.common.utils.AppInfoParser     : Kafka commitId: e2494e6ffb89f828
2024-08-06T01:06:56.269+05:30  INFO 17472 --- [MovieBookingApplication] [restartedMain] o.a.kafka.common.utils.AppInfoParser     : Kafka startTimeMs: 1722886616267
2024-08-06T01:06:56.286+05:30  INFO 17472 --- [MovieBookingApplication] [restartedMain] o.a.k.c.c.internals.LegacyKafkaConsumer  : [Consumer clientId=consumer-myGroup-1, groupId=myGroup] Subscribed to topic(s): Book_Ticket
2024-08-06T01:06:56.301+05:30  INFO 17472 --- [MovieBookingApplication] [restartedMain] c.m.MovieBookingApplication              : Started MovieBookingApplication in 3.211 seconds (process running for 4.009)
2024-08-06T01:06:56.555+05:30  INFO 17472 --- [MovieBookingApplication] [org.springframework.kafka.KafkaListenerEndpointContainer#0-0-C-1] org.apache.kafka.clients.NetworkClient   : [Consumer clientId=consumer-myGroup-1, groupId=myGroup] Node -1 disconnected.
2024-08-06T01:06:56.626+05:30  WARN 17472 --- [MovieBookingApplication] [org.springframework.kafka.KafkaListenerEndpointContainer#0-0-C-1] org.apache.kafka.clients.NetworkClient   : [Consumer clientId=consumer-myGroup-1, groupId=myGroup] Connection to node -1 (localhost/127.0.0.1:9092) could not be established. Node may not be available.
2024-08-06T01:06:56.631+05:30  WARN 17472 --- [MovieBookingApplication] [org.springframework.kafka.KafkaListenerEndpointContainer#0-0-C-1] org.apache.kafka.clients.NetworkClient   : [Consumer clientId=consumer-myGroup-1, groupId=myGroup] Bootstrap broker localhost:9092 (id: -1 rack: null) disconnected
2024-08-06T01:06:56.724+05:30  INFO 17472 --- [MovieBookingApplication] [org.springframework.kafka.KafkaListenerEndpointContainer#0-0-C-1] org.apache.kafka.clients.NetworkClient   : [Consumer clientId=consumer-myGroup-1, groupId=myGroup] Node -1 disconnected.
2024-08-06T01:06:56.725+05:30  WARN 17472 --- [MovieBookingApplication] [org.springframework.kafka.KafkaListenerEndpointContainer#0-0-C-1] org.apache.kafka.clients.NetworkClient   : [Consumer clientId=consumer-myGroup-1, groupId=myGroup] Connection to node -1 (localhost/127.0.0.1:9092) could not be established. Node may not be available.
2024-08-06T01:06:56.725+05:30  WARN 17472 --- [MovieBookingApplication] [org.springframework.kafka.KafkaListenerEndpointContainer#0-0-C-1] org.apache.kafka.clients.NetworkClient   : [Consumer clientId=consumer-myGroup-1, groupId=myGroup] Bootstrap broker localhost:9092 (id: -1 rack: null) disconnected
2024-08-06T01:06:56.874+05:30  INFO 17472 --- [MovieBookingApplication] [RMI TCP Connection(8)-127.0.0.1] o.a.c.c.C.[Tomcat].[localhost].[/]       : Initializing Spring DispatcherServlet 'dispatcherServlet'
2024-08-06T01:06:56.875+05:30  INFO 17472 --- [MovieBookingApplication] [RMI TCP Connection(8)-127.0.0.1] o.s.web.servlet.DispatcherServlet        : Initializing Servlet 'dispatcherServlet'
2024-08-06T01:06:56.876+05:30  INFO 17472 --- [MovieBookingApplication] [RMI TCP Connection(8)-127.0.0.1] o.s.web.servlet.DispatcherServlet        : Completed initialization in 1 ms
2024-08-06T01:06:56.878+05:30  INFO 17472 --- [MovieBookingApplication] [org.springframework.kafka.KafkaListenerEndpointContainer#0-0-C-1] org.apache.kafka.clients.NetworkClient   : [Consumer clientId=consumer-myGroup-1, groupId=myGroup] Node -1 disconnected.
2024-08-06T01:06:56.878+05:30  WARN 17472 --- [MovieBookingApplication] [org.springframework.kafka.KafkaListenerEndpointContainer#0-0-C-1] org.apache.kafka.clients.NetworkClient   : [Consumer clientId=consumer-myGroup-1, groupId=myGroup] Connection to node -1 (localhost/127.0.0.1:9092) could not be established. Node may not be available.
2024-08-06T01:06:56.878+05:30  WARN 17472 --- [MovieBookingApplication] [org.springframework.kafka.KafkaListenerEndpointContainer#0-0-C-1] org.apache.kafka.clients.NetworkClient   : [Consumer clientId=consumer-myGroup-1, groupId=myGroup] Bootstrap broker localhost:9092 (id: -1 rack: null) disconnected
2024-08-06T01:06:57.128+05:30  INFO 17472 --- [MovieBookingApplication] [org.springframework.kafka.KafkaListenerEndpointContainer#0-0-C-1] org.apache.kafka.clients.NetworkClient   : [Consumer clientId=consumer-myGroup-1, groupId=myGroup] Node -1 disconnected.
2024-08-06T01:06:57.130+05:30  WARN 17472 --- [MovieBookingApplication] [org.springframework.kafka.KafkaListenerEndpointContainer#0-0-C-1] org.apache.kafka.clients.NetworkClient   : [Consumer clientId=consumer-myGroup-1, groupId=myGroup] Connection to node -1 (localhost/127.0.0.1:9092) could not be established. Node may not be available.
2024-08-06T01:06:57.131+05:30  WARN 17472 --- [MovieBookingApplication] [org.springframework.kafka.KafkaListenerEndpointContainer#0-0-C-1] org.apache.kafka.clients.NetworkClient   : [Consumer clientId=consumer-myGroup-1, groupId=myGroup] Bootstrap broker localhost:9092 (id: -1 rack: null) disconnected
2024-08-06T01:06:57.593+05:30  INFO 17472 --- [MovieBookingApplication] [org.springframework.kafka.KafkaListenerEndpointContainer#0-0-C-1] org.apache.kafka.clients.NetworkClient   : [Consumer clientId=consumer-myGroup-1, groupId=myGroup] Node -1 disconnected.
2024-08-06T01:06:57.594+05:30  WARN 17472 --- [MovieBookingApplication] [org.springframework.kafka.KafkaListenerEndpointContainer#0-0-C-1] org.apache.kafka.clients.NetworkClient   : [Consumer clientId=consumer-myGroup-1, groupId=myGroup] Connection to node -1 (localhost/127.0.0.1:9092) could not be established. Node may not be available.
2024-08-06T01:06:57.595+05:30  WARN 17472 --- [MovieBookingApplication] [org.springframework.kafka.KafkaListenerEndpointContainer#0-0-C-1] org.apache.kafka.clients.NetworkClient   : [Consumer clientId=consumer-myGroup-1, groupId=myGroup] Bootstrap broker localhost:9092 (id: -1 rack: null) disconnected
2024-08-06T01:06:58.254+05:30  INFO 17472 --- [MovieBookingApplication] [org.springframework.kafka.KafkaListenerEndpointContainer#0-0-C-1] org.apache.kafka.clients.NetworkClient   : [Consumer clientId=consumer-myGroup-1, groupId=myGroup] Node -1 disconnected.
2024-08-06T01:06:58.255+05:30  WARN 17472 --- [MovieBookingApplication] [org.springframework.kafka.KafkaListenerEndpointContainer#0-0-C-1] org.apache.kafka.clients.NetworkClient   : [Consumer clientId=consumer-myGroup-1, groupId=myGroup] Connection to node -1 (localhost/127.0.0.1:9092) could not be established. Node may not be available.
2024-08-06T01:06:58.256+05:30  WARN 17472 --- [MovieBookingApplication] [org.springframework.kafka.KafkaListenerEndpointContainer#0-0-C-1] org.apache.kafka.clients.NetworkClient   : [Consumer clientId=consumer-myGroup-1, groupId=myGroup] Bootstrap broker localhost:9092 (id: -1 rack: null) disconnected
2024-08-06T01:06:59.116+05:30  INFO 17472 --- [MovieBookingApplication] [org.springframework.kafka.KafkaListenerEndpointContainer#0-0-C-1] org.apache.kafka.clients.NetworkClient   : [Consumer clientId=consumer-myGroup-1, groupId=myGroup] Node -1 disconnected.
2024-08-06T01:06:59.117+05:30  WARN 17472 --- [MovieBookingApplication] [org.springframework.kafka.KafkaListenerEndpointContainer#0-0-C-1] org.apache.kafka.clients.NetworkClient   : [Consumer clientId=consumer-myGroup-1, groupId=myGroup] Connection to node -1 (localhost/127.0.0.1:9092) could not be established. Node may not be available.
2024-08-06T01:06:59.117+05:30  WARN 17472 --- [MovieBookingApplication] [org.springframework.kafka.KafkaListenerEndpointContainer#0-0-C-1] org.apache.kafka.clients.NetworkClient   : [Consumer clientId=consumer-myGroup-1, groupId=myGroup] Bootstrap broker localhost:9092 (id: -1 rack: null) disconnected
2024-08-06T01:07:00.117+05:30  INFO 17472 --- [MovieBookingApplication] [org.springframework.kafka.KafkaListenerEndpointContainer#0-0-C-1] org.apache.kafka.clients.NetworkClient   : [Consumer clientId=consumer-myGroup-1, groupId=myGroup] Node -1 disconnected.
2024-08-06T01:07:00.117+05:30  WARN 17472 --- [MovieBookingApplication] [org.springframework.kafka.KafkaListenerEndpointContainer#0-0-C-1] org.apache.kafka.clients.NetworkClient   : [Consumer clientId=consumer-myGroup-1, groupId=myGroup] Connection to node -1 (localhost/127.0.0.1:9092) could not be established. Node may not be available.
2024-08-06T01:07:00.118+05:30  WARN 17472 --- [MovieBookingApplication] [org.springframework.kafka.KafkaListenerEndpointContainer#0-0-C-1] org.apache.kafka.clients.NetworkClient   : [Consumer clientId=consumer-myGroup-1, groupId=myGroup] Bootstrap broker localhost:9092 (id: -1 rack: null) disconnected
2024-08-06T01:07:01.131+05:30  INFO 17472 --- [MovieBookingApplication] [org.springframework.kafka.KafkaListenerEndpointContainer#0-0-C-1] org.apache.kafka.clients.NetworkClient   : [Consumer clientId=consumer-myGroup-1, groupId=myGroup] Node -1 disconnected.
2024-08-06T01:07:01.131+05:30  WARN 17472 --- [MovieBookingApplication] [org.springframework.kafka.KafkaListenerEndpointContainer#0-0-C-1] org.apache.kafka.clients.NetworkClient   : [Consumer clientId=consumer-myGroup-1, groupId=myGroup] Connection to node -1 (localhost/127.0.0.1:9092) could not be established. Node may not be available.
2024-08-06T01:07:01.131+05:30  WARN 17472 --- [MovieBookingApplication] [org.springframework.kafka.KafkaListenerEndpointContainer#0-0-C-1] org.apache.kafka.clients.NetworkClient   : [Consumer clientId=consumer-myGroup-1, groupId=myGroup] Bootstrap broker localhost:9092 (id: -1 rack: null) disconnected
2024-08-06T01:07:02.132+05:30  INFO 17472 --- [MovieBookingApplication] [org.springframework.kafka.KafkaListenerEndpointContainer#0-0-C-1] org.apache.kafka.clients.NetworkClient   : [Consumer clientId=consumer-myGroup-1, groupId=myGroup] Node -1 disconnected.
2024-08-06T01:07:02.134+05:30  WARN 17472 --- [MovieBookingApplication] [org.springframework.kafka.KafkaListenerEndpointContainer#0-0-C-1] org.apache.kafka.clients.NetworkClient   : [Consumer clientId=consumer-myGroup-1, groupId=myGroup] Connection to node -1 (localhost/127.0.0.1:9092) could not be established. Node may not be available.
2024-08-06T01:07:02.134+05:30  WARN 17472 --- [MovieBookingApplication] [org.springframework.kafka.KafkaListenerEndpointContainer#0-0-C-1] org.apache.kafka.clients.NetworkClient   : [Consumer clientId=consumer-myGroup-1, groupId=myGroup] Bootstrap broker localhost:9092 (id: -1 rack: null) disconnected
2024-08-06T01:07:03.133+05:30  INFO 17472 --- [MovieBookingApplication] [org.springframework.kafka.KafkaListenerEndpointContainer#0-0-C-1] org.apache.kafka.clients.NetworkClient   : [Consumer clientId=consumer-myGroup-1, groupId=myGroup] Node -1 disconnected.
2024-08-06T01:07:03.133+05:30  WARN 17472 --- [MovieBookingApplication] [org.springframework.kafka.KafkaListenerEndpointContainer#0-0-C-1] org.apache.kafka.clients.NetworkClient   : [Consumer clientId=consumer-myGroup-1, groupId=myGroup] Connection to node -1 (localhost/127.0.0.1:9092) could not be established. Node may not be available.
2024-08-06T01:07:03.135+05:30  WARN 17472 --- [MovieBookingApplication] [org.springframework.kafka.KafkaListenerEndpointContainer#0-0-C-1] org.apache.kafka.clients.NetworkClient   : [Consumer clientId=consumer-myGroup-1, groupId=myGroup] Bootstrap broker localhost:9092 (id: -1 rack: null) disconnected
2024-08-06T01:07:04.079+05:30  INFO 17472 --- [MovieBookingApplication] [org.springframework.kafka.KafkaListenerEndpointContainer#0-0-C-1] org.apache.kafka.clients.NetworkClient   : [Consumer clientId=consumer-myGroup-1, groupId=myGroup] Node -1 disconnected.
2024-08-06T01:07:04.079+05:30  WARN 17472 --- [MovieBookingApplication] [org.springframework.kafka.KafkaListenerEndpointContainer#0-0-C-1] org.apache.kafka.clients.NetworkClient   : [Consumer clientId=consumer-myGroup-1, groupId=myGroup] Connection to node -1 (localhost/127.0.0.1:9092) could not be established. Node may not be available.
2024-08-06T01:07:04.079+05:30  WARN 17472 --- [MovieBookingApplication] [org.springframework.kafka.KafkaListenerEndpointContainer#0-0-C-1] org.apache.kafka.clients.NetworkClient   : [Consumer clientId=consumer-myGroup-1, groupId=myGroup] Bootstrap broker localhost:9092 (id: -1 rack: null) disconnected
2024-08-06T01:07:05.113+05:30  INFO 17472 --- [MovieBookingApplication] [org.springframework.kafka.KafkaListenerEndpointContainer#0-0-C-1] org.apache.kafka.clients.NetworkClient   : [Consumer clientId=consumer-myGroup-1, groupId=myGroup] Node -1 disconnected.
2024-08-06T01:07:05.114+05:30  WARN 17472 --- [MovieBookingApplication] [org.springframework.kafka.KafkaListenerEndpointContainer#0-0-C-1] org.apache.kafka.clients.NetworkClient   : [Consumer clientId=consumer-myGroup-1, groupId=myGroup] Connection to node -1 (localhost/127.0.0.1:9092) could not be established. Node may not be available.
2024-08-06T01:07:05.114+05:30  WARN 17472 --- [MovieBookingApplication] [org.springframework.kafka.KafkaListenerEndpointContainer#0-0-C-1] org.apache.kafka.clients.NetworkClient   : [Consumer clientId=consumer-myGroup-1, groupId=myGroup] Bootstrap broker localhost:9092 (id: -1 rack: null) disconnected
2024-08-06T01:07:06.130+05:30  INFO 17472 --- [MovieBookingApplication] [org.springframework.kafka.KafkaListenerEndpointContainer#0-0-C-1] org.apache.kafka.clients.NetworkClient   : [Consumer clientId=consumer-myGroup-1, groupId=myGroup] Node -1 disconnected.
2024-08-06T01:07:06.130+05:30  WARN 17472 --- [MovieBookingApplication] [org.springframework.kafka.KafkaListenerEndpointContainer#0-0-C-1] org.apache.kafka.clients.NetworkClient   : [Consumer clientId=consumer-myGroup-1, groupId=myGroup] Connection to node -1 (localhost/127.0.0.1:9092) could not be established. Node may not be available.
2024-08-06T01:07:06.130+05:30  WARN 17472 --- [MovieBookingApplication] [org.springframework.kafka.KafkaListenerEndpointContainer#0-0-C-1] org.apache.kafka.clients.NetworkClient   : [Consumer clientId=consumer-myGroup-1, groupId=myGroup] Bootstrap broker localhost:9092 (id: -1 rack: null) disconnected
2024-08-06T01:07:07.170+05:30  INFO 17472 --- [MovieBookingApplication] [org.springframework.kafka.KafkaListenerEndpointContainer#0-0-C-1] org.apache.kafka.clients.NetworkClient   : [Consumer clientId=consumer-myGroup-1, groupId=myGroup] Node -1 disconnected.
2024-08-06T01:07:07.170+05:30  WARN 17472 --- [MovieBookingApplication] [org.springframework.kafka.KafkaListenerEndpointContainer#0-0-C-1] org.apache.kafka.clients.NetworkClient   : [Consumer clientId=consumer-myGroup-1, groupId=myGroup] Connection to node -1 (localhost/127.0.0.1:9092) could not be established. Node may not be available.
2024-08-06T01:07:07.172+05:30  WARN 17472 --- [MovieBookingApplication] [org.springframework.kafka.KafkaListenerEndpointContainer#0-0-C-1] org.apache.kafka.clients.NetworkClient   : [Consumer clientId=consumer-myGroup-1, groupId=myGroup] Bootstrap broker localhost:9092 (id: -1 rack: null) disconnected
2024-08-06T01:07:08.192+05:30  INFO 17472 --- [MovieBookingApplication] [org.springframework.kafka.KafkaListenerEndpointContainer#0-0-C-1] org.apache.kafka.clients.NetworkClient   : [Consumer clientId=consumer-myGroup-1, groupId=myGroup] Node -1 disconnected.
2024-08-06T01:07:08.193+05:30  WARN 17472 --- [MovieBookingApplication] [org.springframework.kafka.KafkaListenerEndpointContainer#0-0-C-1] org.apache.kafka.clients.NetworkClient   : [Consumer clientId=consumer-myGroup-1, groupId=myGroup] Connection to node -1 (localhost/127.0.0.1:9092) could not be established. Node may not be available.
2024-08-06T01:07:08.194+05:30  WARN 17472 --- [MovieBookingApplication] [org.springframework.kafka.KafkaListenerEndpointContainer#0-0-C-1] org.apache.kafka.clients.NetworkClient   : [Consumer clientId=consumer-myGroup-1, groupId=myGroup] Bootstrap broker localhost:9092 (id: -1 rack: null) disconnected
2024-08-06T01:07:09.154+05:30  INFO 17472 --- [MovieBookingApplication] [org.springframework.kafka.KafkaListenerEndpointContainer#0-0-C-1] org.apache.kafka.clients.NetworkClient   : [Consumer clientId=consumer-myGroup-1, groupId=myGroup] Node -1 disconnected.
2024-08-06T01:07:09.155+05:30  WARN 17472 --- [MovieBookingApplication] [org.springframework.kafka.KafkaListenerEndpointContainer#0-0-C-1] org.apache.kafka.clients.NetworkClient   : [Consumer clientId=consumer-myGroup-1, groupId=myGroup] Connection to node -1 (localhost/127.0.0.1:9092) could not be established. Node may not be available.
2024-08-06T01:07:09.155+05:30  WARN 17472 --- [MovieBookingApplication] [org.springframework.kafka.KafkaListenerEndpointContainer#0-0-C-1] org.apache.kafka.clients.NetworkClient   : [Consumer clientId=consumer-myGroup-1, groupId=myGroup] Bootstrap broker localhost:9092 (id: -1 rack: null) disconnected
2024-08-06T01:07:10.073+05:30  INFO 17472 --- [MovieBookingApplication] [org.springframework.kafka.KafkaListenerEndpointContainer#0-0-C-1] org.apache.kafka.clients.NetworkClient   : [Consumer clientId=consumer-myGroup-1, groupId=myGroup] Node -1 disconnected.
2024-08-06T01:07:10.073+05:30  WARN 17472 --- [MovieBookingApplication] [org.springframework.kafka.KafkaListenerEndpointContainer#0-0-C-1] org.apache.kafka.clients.NetworkClient   : [Consumer clientId=consumer-myGroup-1, groupId=myGroup] Connection to node -1 (localhost/127.0.0.1:9092) could not be established. Node may not be available.
2024-08-06T01:07:10.074+05:30  WARN 17472 --- [MovieBookingApplication] [org.springframework.kafka.KafkaListenerEndpointContainer#0-0-C-1] org.apache.kafka.clients.NetworkClient   : [Consumer clientId=consumer-myGroup-1, groupId=myGroup] Bootstrap broker localhost:9092 (id: -1 rack: null) disconnected
2024-08-06T01:07:10.941+05:30  INFO 17472 --- [MovieBookingApplication] [org.springframework.kafka.KafkaListenerEndpointContainer#0-0-C-1] org.apache.kafka.clients.NetworkClient   : [Consumer clientId=consumer-myGroup-1, groupId=myGroup] Node -1 disconnected.
2024-08-06T01:07:10.941+05:30  WARN 17472 --- [MovieBookingApplication] [org.springframework.kafka.KafkaListenerEndpointContainer#0-0-C-1] org.apache.kafka.clients.NetworkClient   : [Consumer clientId=consumer-myGroup-1, groupId=myGroup] Connection to node -1 (localhost/127.0.0.1:9092) could not be established. Node may not be available.
2024-08-06T01:07:10.941+05:30  WARN 17472 --- [MovieBookingApplication] [org.springframework.kafka.KafkaListenerEndpointContainer#0-0-C-1] org.apache.kafka.clients.NetworkClient   : [Consumer clientId=consumer-myGroup-1, groupId=myGroup] Bootstrap broker localhost:9092 (id: -1 rack: null) disconnected
2024-08-06T01:07:11.967+05:30  INFO 17472 --- [MovieBookingApplication] [org.springframework.kafka.KafkaListenerEndpointContainer#0-0-C-1] org.apache.kafka.clients.NetworkClient   : [Consumer clientId=consumer-myGroup-1, groupId=myGroup] Node -1 disconnected.
2024-08-06T01:07:11.967+05:30  WARN 17472 --- [MovieBookingApplication] [org.springframework.kafka.KafkaListenerEndpointContainer#0-0-C-1] org.apache.kafka.clients.NetworkClient   : [Consumer clientId=consumer-myGroup-1, groupId=myGroup] Connection to node -1 (localhost/127.0.0.1:9092) could not be established. Node may not be available.
2024-08-06T01:07:11.967+05:30  WARN 17472 --- [MovieBookingApplication] [org.springframework.kafka.KafkaListenerEndpointContainer#0-0-C-1] org.apache.kafka.clients.NetworkClient   : [Consumer clientId=consumer-myGroup-1, groupId=myGroup] Bootstrap broker localhost:9092 (id: -1 rack: null) disconnected
2024-08-06T01:07:12.986+05:30  INFO 17472 --- [MovieBookingApplication] [org.springframework.kafka.KafkaListenerEndpointContainer#0-0-C-1] org.apache.kafka.clients.NetworkClient   : [Consumer clientId=consumer-myGroup-1, groupId=myGroup] Node -1 disconnected.
2024-08-06T01:07:12.986+05:30  WARN 17472 --- [MovieBookingApplication] [org.springframework.kafka.KafkaListenerEndpointContainer#0-0-C-1] org.apache.kafka.clients.NetworkClient   : [Consumer clientId=consumer-myGroup-1, groupId=myGroup] Connection to node -1 (localhost/127.0.0.1:9092) could not be established. Node may not be available.
2024-08-06T01:07:12.986+05:30  WARN 17472 --- [MovieBookingApplication] [org.springframework.kafka.KafkaListenerEndpointContainer#0-0-C-1] org.apache.kafka.clients.NetworkClient   : [Consumer clientId=consumer-myGroup-1, groupId=myGroup] Bootstrap broker localhost:9092 (id: -1 rack: null) disconnected
2024-08-06T01:07:13.902+05:30  INFO 17472 --- [MovieBookingApplication] [org.springframework.kafka.KafkaListenerEndpointContainer#0-0-C-1] org.apache.kafka.clients.NetworkClient   : [Consumer clientId=consumer-myGroup-1, groupId=myGroup] Node -1 disconnected.
2024-08-06T01:07:13.902+05:30  WARN 17472 --- [MovieBookingApplication] [org.springframework.kafka.KafkaListenerEndpointContainer#0-0-C-1] org.apache.kafka.clients.NetworkClient   : [Consumer clientId=consumer-myGroup-1, groupId=myGroup] Connection to node -1 (localhost/127.0.0.1:9092) could not be established. Node may not be available.
2024-08-06T01:07:13.902+05:30  WARN 17472 --- [MovieBookingApplication] [org.springframework.kafka.KafkaListenerEndpointContainer#0-0-C-1] org.apache.kafka.clients.NetworkClient   : [Consumer clientId=consumer-myGroup-1, groupId=myGroup] Bootstrap broker localhost:9092 (id: -1 rack: null) disconnected
2024-08-06T01:07:14.764+05:30  INFO 17472 --- [MovieBookingApplication] [org.springframework.kafka.KafkaListenerEndpointContainer#0-0-C-1] org.apache.kafka.clients.NetworkClient   : [Consumer clientId=consumer-myGroup-1, groupId=myGroup] Node -1 disconnected.
2024-08-06T01:07:14.764+05:30  WARN 17472 --- [MovieBookingApplication] [org.springframework.kafka.KafkaListenerEndpointContainer#0-0-C-1] org.apache.kafka.clients.NetworkClient   : [Consumer clientId=consumer-myGroup-1, groupId=myGroup] Connection to node -1 (localhost/127.0.0.1:9092) could not be established. Node may not be available.
2024-08-06T01:07:14.765+05:30  WARN 17472 --- [MovieBookingApplication] [org.springframework.kafka.KafkaListenerEndpointContainer#0-0-C-1] org.apache.kafka.clients.NetworkClient   : [Consumer clientId=consumer-myGroup-1, groupId=myGroup] Bootstrap broker localhost:9092 (id: -1 rack: null) disconnected
2024-08-06T01:07:15.658+05:30  INFO 17472 --- [MovieBookingApplication] [org.springframework.kafka.KafkaListenerEndpointContainer#0-0-C-1] org.apache.kafka.clients.NetworkClient   : [Consumer clientId=consumer-myGroup-1, groupId=myGroup] Node -1 disconnected.
2024-08-06T01:07:15.659+05:30  WARN 17472 --- [MovieBookingApplication] [org.springframework.kafka.KafkaListenerEndpointContainer#0-0-C-1] org.apache.kafka.clients.NetworkClient   : [Consumer clientId=consumer-myGroup-1, groupId=myGroup] Connection to node -1 (localhost/127.0.0.1:9092) could not be established. Node may not be available.
2024-08-06T01:07:15.659+05:30  WARN 17472 --- [MovieBookingApplication] [org.springframework.kafka.KafkaListenerEndpointContainer#0-0-C-1] org.apache.kafka.clients.NetworkClient   : [Consumer clientId=consumer-myGroup-1, groupId=myGroup] Bootstrap broker localhost:9092 (id: -1 rack: null) disconnected
2024-08-06T01:07:16.693+05:30  INFO 17472 --- [MovieBookingApplication] [org.springframework.kafka.KafkaListenerEndpointContainer#0-0-C-1] org.apache.kafka.clients.NetworkClient   : [Consumer clientId=consumer-myGroup-1, groupId=myGroup] Node -1 disconnected.
2024-08-06T01:07:16.694+05:30  WARN 17472 --- [MovieBookingApplication] [org.springframework.kafka.KafkaListenerEndpointContainer#0-0-C-1] org.apache.kafka.clients.NetworkClient   : [Consumer clientId=consumer-myGroup-1, groupId=myGroup] Connection to node -1 (localhost/127.0.0.1:9092) could not be established. Node may not be available.
2024-08-06T01:07:16.695+05:30  WARN 17472 --- [MovieBookingApplication] [org.springframework.kafka.KafkaListenerEndpointContainer#0-0-C-1] org.apache.kafka.clients.NetworkClient   : [Consumer clientId=consumer-myGroup-1, groupId=myGroup] Bootstrap broker localhost:9092 (id: -1 rack: null) disconnected
2024-08-06T01:07:17.563+05:30  INFO 17472 --- [MovieBookingApplication] [org.springframework.kafka.KafkaListenerEndpointContainer#0-0-C-1] org.apache.kafka.clients.NetworkClient   : [Consumer clientId=consumer-myGroup-1, groupId=myGroup] Node -1 disconnected.
2024-08-06T01:07:17.564+05:30  WARN 17472 --- [MovieBookingApplication] [org.springframework.kafka.KafkaListenerEndpointContainer#0-0-C-1] org.apache.kafka.clients.NetworkClient   : [Consumer clientId=consumer-myGroup-1, groupId=myGroup] Connection to node -1 (localhost/127.0.0.1:9092) could not be established. Node may not be available.
2024-08-06T01:07:17.564+05:30  WARN 17472 --- [MovieBookingApplication] [org.springframework.kafka.KafkaListenerEndpointContainer#0-0-C-1] org.apache.kafka.clients.NetworkClient   : [Consumer clientId=consumer-myGroup-1, groupId=myGroup] Bootstrap broker localhost:9092 (id: -1 rack: null) disconnected
2024-08-06T01:07:18.592+05:30  INFO 17472 --- [MovieBookingApplication] [org.springframework.kafka.KafkaListenerEndpointContainer#0-0-C-1] org.apache.kafka.clients.NetworkClient   : [Consumer clientId=consumer-myGroup-1, groupId=myGroup] Node -1 disconnected.
2024-08-06T01:07:18.592+05:30  WARN 17472 --- [MovieBookingApplication] [org.springframework.kafka.KafkaListenerEndpointContainer#0-0-C-1] org.apache.kafka.clients.NetworkClient   : [Consumer clientId=consumer-myGroup-1, groupId=myGroup] Connection to node -1 (localhost/127.0.0.1:9092) could not be established. Node may not be available.
2024-08-06T01:07:18.592+05:30  WARN 17472 --- [MovieBookingApplication] [org.springframework.kafka.KafkaListenerEndpointContainer#0-0-C-1] org.apache.kafka.clients.NetworkClient   : [Consumer clientId=consumer-myGroup-1, groupId=myGroup] Bootstrap broker localhost:9092 (id: -1 rack: null) disconnected
2024-08-06T01:07:19.449+05:30  INFO 17472 --- [MovieBookingApplication] [org.springframework.kafka.KafkaListenerEndpointContainer#0-0-C-1] org.apache.kafka.clients.NetworkClient   : [Consumer clientId=consumer-myGroup-1, groupId=myGroup] Node -1 disconnected.
2024-08-06T01:07:19.450+05:30  WARN 17472 --- [MovieBookingApplication] [org.springframework.kafka.KafkaListenerEndpointContainer#0-0-C-1] org.apache.kafka.clients.NetworkClient   : [Consumer clientId=consumer-myGroup-1, groupId=myGroup] Connection to node -1 (localhost/127.0.0.1:9092) could not be established. Node may not be available.
2024-08-06T01:07:19.450+05:30  WARN 17472 --- [MovieBookingApplication] [org.springframework.kafka.KafkaListenerEndpointContainer#0-0-C-1] org.apache.kafka.clients.NetworkClient   : [Consumer clientId=consumer-myGroup-1, groupId=myGroup] Bootstrap broker localhost:9092 (id: -1 rack: null) disconnected
2024-08-06T01:07:20.452+05:30  INFO 17472 --- [MovieBookingApplication] [org.springframework.kafka.KafkaListenerEndpointContainer#0-0-C-1] org.apache.kafka.clients.NetworkClient   : [Consumer clientId=consumer-myGroup-1, groupId=myGroup] Node -1 disconnected.
2024-08-06T01:07:20.453+05:30  WARN 17472 --- [MovieBookingApplication] [org.springframework.kafka.KafkaListenerEndpointContainer#0-0-C-1] org.apache.kafka.clients.NetworkClient   : [Consumer clientId=consumer-myGroup-1, groupId=myGroup] Connection to node -1 (localhost/127.0.0.1:9092) could not be established. Node may not be available.
2024-08-06T01:07:20.472+05:30  WARN 17472 --- [MovieBookingApplication] [org.springframework.kafka.KafkaListenerEndpointContainer#0-0-C-1] org.apache.kafka.clients.NetworkClient   : [Consumer clientId=consumer-myGroup-1, groupId=myGroup] Bootstrap broker localhost:9092 (id: -1 rack: null) disconnected
2024-08-06T01:07:21.453+05:30  INFO 17472 --- [MovieBookingApplication] [org.springframework.kafka.KafkaListenerEndpointContainer#0-0-C-1] org.apache.kafka.clients.NetworkClient   : [Consumer clientId=consumer-myGroup-1, groupId=myGroup] Node -1 disconnected.
2024-08-06T01:07:21.454+05:30  WARN 17472 --- [MovieBookingApplication] [org.springframework.kafka.KafkaListenerEndpointContainer#0-0-C-1] org.apache.kafka.clients.NetworkClient   : [Consumer clientId=consumer-myGroup-1, groupId=myGroup] Connection to node -1 (localhost/127.0.0.1:9092) could not be established. Node may not be available.
2024-08-06T01:07:21.454+05:30  WARN 17472 --- [MovieBookingApplication] [org.springframework.kafka.KafkaListenerEndpointContainer#0-0-C-1] org.apache.kafka.clients.NetworkClient   : [Consumer clientId=consumer-myGroup-1, groupId=myGroup] Bootstrap broker localhost:9092 (id: -1 rack: null) disconnected
2024-08-06T01:07:22.467+05:30  INFO 17472 --- [MovieBookingApplication] [org.springframework.kafka.KafkaListenerEndpointContainer#0-0-C-1] org.apache.kafka.clients.NetworkClient   : [Consumer clientId=consumer-myGroup-1, groupId=myGroup] Node -1 disconnected.
2024-08-06T01:07:22.468+05:30  WARN 17472 --- [MovieBookingApplication] [org.springframework.kafka.KafkaListenerEndpointContainer#0-0-C-1] org.apache.kafka.clients.NetworkClient   : [Consumer clientId=consumer-myGroup-1, groupId=myGroup] Connection to node -1 (localhost/127.0.0.1:9092) could not be established. Node may not be available.
2024-08-06T01:07:22.469+05:30  WARN 17472 --- [MovieBookingApplication] [org.springframework.kafka.KafkaListenerEndpointContainer#0-0-C-1] org.apache.kafka.clients.NetworkClient   : [Consumer clientId=consumer-myGroup-1, groupId=myGroup] Bootstrap broker localhost:9092 (id: -1 rack: null) disconnected
2024-08-06T01:07:23.504+05:30  INFO 17472 --- [MovieBookingApplication] [org.springframework.kafka.KafkaListenerEndpointContainer#0-0-C-1] org.apache.kafka.clients.NetworkClient   : [Consumer clientId=consumer-myGroup-1, groupId=myGroup] Node -1 disconnected.
2024-08-06T01:07:23.504+05:30  WARN 17472 --- [MovieBookingApplication] [org.springframework.kafka.KafkaListenerEndpointContainer#0-0-C-1] org.apache.kafka.clients.NetworkClient   : [Consumer clientId=consumer-myGroup-1, groupId=myGroup] Connection to node -1 (localhost/127.0.0.1:9092) could not be established. Node may not be available.
2024-08-06T01:07:23.504+05:30  WARN 17472 --- [MovieBookingApplication] [org.springframework.kafka.KafkaListenerEndpointContainer#0-0-C-1] org.apache.kafka.clients.NetworkClient   : [Consumer clientId=consumer-myGroup-1, groupId=myGroup] Bootstrap broker localhost:9092 (id: -1 rack: null) disconnected
2024-08-06T01:07:24.349+05:30  INFO 17472 --- [MovieBookingApplication] [org.springframework.kafka.KafkaListenerEndpointContainer#0-0-C-1] org.apache.kafka.clients.NetworkClient   : [Consumer clientId=consumer-myGroup-1, groupId=myGroup] Node -1 disconnected.
2024-08-06T01:07:24.349+05:30  WARN 17472 --- [MovieBookingApplication] [org.springframework.kafka.KafkaListenerEndpointContainer#0-0-C-1] org.apache.kafka.clients.NetworkClient   : [Consumer clientId=consumer-myGroup-1, groupId=myGroup] Connection to node -1 (localhost/127.0.0.1:9092) could not be established. Node may not be available.
2024-08-06T01:07:24.352+05:30  WARN 17472 --- [MovieBookingApplication] [org.springframework.kafka.KafkaListenerEndpointContainer#0-0-C-1] org.apache.kafka.clients.NetworkClient   : [Consumer clientId=consumer-myGroup-1, groupId=myGroup] Bootstrap broker localhost:9092 (id: -1 rack: null) disconnected
2024-08-06T01:07:25.211+05:30  INFO 17472 --- [MovieBookingApplication] [org.springframework.kafka.KafkaListenerEndpointContainer#0-0-C-1] org.apache.kafka.clients.NetworkClient   : [Consumer clientId=consumer-myGroup-1, groupId=myGroup] Node -1 disconnected.
2024-08-06T01:07:25.211+05:30  WARN 17472 --- [MovieBookingApplication] [org.springframework.kafka.KafkaListenerEndpointContainer#0-0-C-1] org.apache.kafka.clients.NetworkClient   : [Consumer clientId=consumer-myGroup-1, groupId=myGroup] Connection to node -1 (localhost/127.0.0.1:9092) could not be established. Node may not be available.
2024-08-06T01:07:25.211+05:30  WARN 17472 --- [MovieBookingApplication] [org.springframework.kafka.KafkaListenerEndpointContainer#0-0-C-1] org.apache.kafka.clients.NetworkClient   : [Consumer clientId=consumer-myGroup-1, groupId=myGroup] Bootstrap broker localhost:9092 (id: -1 rack: null) disconnected
2024-08-06T01:07:26.213+05:30  INFO 17472 --- [MovieBookingApplication] [org.springframework.kafka.KafkaListenerEndpointContainer#0-0-C-1] org.apache.kafka.clients.NetworkClient   : [Consumer clientId=consumer-myGroup-1, groupId=myGroup] Node -1 disconnected.
2024-08-06T01:07:26.214+05:30  WARN 17472 --- [MovieBookingApplication] [org.springframework.kafka.KafkaListenerEndpointContainer#0-0-C-1] org.apache.kafka.clients.NetworkClient   : [Consumer clientId=consumer-myGroup-1, groupId=myGroup] Connection to node -1 (localhost/127.0.0.1:9092) could not be established. Node may not be available.
2024-08-06T01:07:26.214+05:30  WARN 17472 --- [MovieBookingApplication] [org.springframework.kafka.KafkaListenerEndpointContainer#0-0-C-1] org.apache.kafka.clients.NetworkClient   : [Consumer clientId=consumer-myGroup-1, groupId=myGroup] Bootstrap broker localhost:9092 (id: -1 rack: null) disconnected
2024-08-06T01:07:27.164+05:30  INFO 17472 --- [MovieBookingApplication] [org.springframework.kafka.KafkaListenerEndpointContainer#0-0-C-1] org.apache.kafka.clients.NetworkClient   : [Consumer clientId=consumer-myGroup-1, groupId=myGroup] Node -1 disconnected.
2024-08-06T01:07:27.165+05:30  WARN 17472 --- [MovieBookingApplication] [org.springframework.kafka.KafkaListenerEndpointContainer#0-0-C-1] org.apache.kafka.clients.NetworkClient   : [Consumer clientId=consumer-myGroup-1, groupId=myGroup] Connection to node -1 (localhost/127.0.0.1:9092) could not be established. Node may not be available.
2024-08-06T01:07:27.165+05:30  WARN 17472 --- [MovieBookingApplication] [org.springframework.kafka.KafkaListenerEndpointContainer#0-0-C-1] org.apache.kafka.clients.NetworkClient   : [Consumer clientId=consumer-myGroup-1, groupId=myGroup] Bootstrap broker localhost:9092 (id: -1 rack: null) disconnected
2024-08-06T01:07:27.971+05:30  INFO 17472 --- [MovieBookingApplication] [org.springframework.kafka.KafkaListenerEndpointContainer#0-0-C-1] org.apache.kafka.clients.NetworkClient   : [Consumer clientId=consumer-myGroup-1, groupId=myGroup] Node -1 disconnected.
2024-08-06T01:07:27.971+05:30  WARN 17472 --- [MovieBookingApplication] [org.springframework.kafka.KafkaListenerEndpointContainer#0-0-C-1] org.apache.kafka.clients.NetworkClient   : [Consumer clientId=consumer-myGroup-1, groupId=myGroup] Connection to node -1 (localhost/127.0.0.1:9092) could not be established. Node may not be available.
2024-08-06T01:07:27.971+05:30  WARN 17472 --- [MovieBookingApplication] [org.springframework.kafka.KafkaListenerEndpointContainer#0-0-C-1] org.apache.kafka.clients.NetworkClient   : [Consumer clientId=consumer-myGroup-1, groupId=myGroup] Bootstrap broker localhost:9092 (id: -1 rack: null) disconnected
2024-08-06T01:07:28.971+05:30  INFO 17472 --- [MovieBookingApplication] [org.springframework.kafka.KafkaListenerEndpointContainer#0-0-C-1] org.apache.kafka.clients.NetworkClient   : [Consumer clientId=consumer-myGroup-1, groupId=myGroup] Node -1 disconnected.
2024-08-06T01:07:28.972+05:30  WARN 17472 --- [MovieBookingApplication] [org.springframework.kafka.KafkaListenerEndpointContainer#0-0-C-1] org.apache.kafka.clients.NetworkClient   : [Consumer clientId=consumer-myGroup-1, groupId=myGroup] Connection to node -1 (localhost/127.0.0.1:9092) could not be established. Node may not be available.
2024-08-06T01:07:28.972+05:30  WARN 17472 --- [MovieBookingApplication] [org.springframework.kafka.KafkaListenerEndpointContainer#0-0-C-1] org.apache.kafka.clients.NetworkClient   : [Consumer clientId=consumer-myGroup-1, groupId=myGroup] Bootstrap broker localhost:9092 (id: -1 rack: null) disconnected
2024-08-06T01:07:29.972+05:30  INFO 17472 --- [MovieBookingApplication] [org.springframework.kafka.KafkaListenerEndpointContainer#0-0-C-1] org.apache.kafka.clients.NetworkClient   : [Consumer clientId=consumer-myGroup-1, groupId=myGroup] Node -1 disconnected.
2024-08-06T01:07:29.972+05:30  WARN 17472 --- [MovieBookingApplication] [org.springframework.kafka.KafkaListenerEndpointContainer#0-0-C-1] org.apache.kafka.clients.NetworkClient   : [Consumer clientId=consumer-myGroup-1, groupId=myGroup] Connection to node -1 (localhost/127.0.0.1:9092) could not be established. Node may not be available.
2024-08-06T01:07:29.972+05:30  WARN 17472 --- [MovieBookingApplication] [org.springframework.kafka.KafkaListenerEndpointContainer#0-0-C-1] org.apache.kafka.clients.NetworkClient   : [Consumer clientId=consumer-myGroup-1, groupId=myGroup] Bootstrap broker localhost:9092 (id: -1 rack: null) disconnected
2024-08-06T01:07:30.983+05:30  INFO 17472 --- [MovieBookingApplication] [org.springframework.kafka.KafkaListenerEndpointContainer#0-0-C-1] org.apache.kafka.clients.NetworkClient   : [Consumer clientId=consumer-myGroup-1, groupId=myGroup] Node -1 disconnected.
2024-08-06T01:07:30.984+05:30  WARN 17472 --- [MovieBookingApplication] [org.springframework.kafka.KafkaListenerEndpointContainer#0-0-C-1] org.apache.kafka.clients.NetworkClient   : [Consumer clientId=consumer-myGroup-1, groupId=myGroup] Connection to node -1 (localhost/127.0.0.1:9092) could not be established. Node may not be available.
2024-08-06T01:07:30.984+05:30  WARN 17472 --- [MovieBookingApplication] [org.springframework.kafka.KafkaListenerEndpointContainer#0-0-C-1] org.apache.kafka.clients.NetworkClient   : [Consumer clientId=consumer-myGroup-1, groupId=myGroup] Bootstrap broker localhost:9092 (id: -1 rack: null) disconnected
2024-08-06T01:07:31.966+05:30  INFO 17472 --- [MovieBookingApplication] [org.springframework.kafka.KafkaListenerEndpointContainer#0-0-C-1] org.apache.kafka.clients.NetworkClient   : [Consumer clientId=consumer-myGroup-1, groupId=myGroup] Node -1 disconnected.
2024-08-06T01:07:31.967+05:30  WARN 17472 --- [MovieBookingApplication] [org.springframework.kafka.KafkaListenerEndpointContainer#0-0-C-1] org.apache.kafka.clients.NetworkClient   : [Consumer clientId=consumer-myGroup-1, groupId=myGroup] Connection to node -1 (localhost/127.0.0.1:9092) could not be established. Node may not be available.
2024-08-06T01:07:31.967+05:30  WARN 17472 --- [MovieBookingApplication] [org.springframework.kafka.KafkaListenerEndpointContainer#0-0-C-1] org.apache.kafka.clients.NetworkClient   : [Consumer clientId=consumer-myGroup-1, groupId=myGroup] Bootstrap broker localhost:9092 (id: -1 rack: null) disconnected
2024-08-06T01:07:32.967+05:30  INFO 17472 --- [MovieBookingApplication] [org.springframework.kafka.KafkaListenerEndpointContainer#0-0-C-1] org.apache.kafka.clients.NetworkClient   : [Consumer clientId=consumer-myGroup-1, groupId=myGroup] Node -1 disconnected.
2024-08-06T01:07:32.968+05:30  WARN 17472 --- [MovieBookingApplication] [org.springframework.kafka.KafkaListenerEndpointContainer#0-0-C-1] org.apache.kafka.clients.NetworkClient   : [Consumer clientId=consumer-myGroup-1, groupId=myGroup] Connection to node -1 (localhost/127.0.0.1:9092) could not be established. Node may not be available.
2024-08-06T01:07:32.968+05:30  WARN 17472 --- [MovieBookingApplication] [org.springframework.kafka.KafkaListenerEndpointContainer#0-0-C-1] org.apache.kafka.clients.NetworkClient   : [Consumer clientId=consumer-myGroup-1, groupId=myGroup] Bootstrap broker localhost:9092 (id: -1 rack: null) disconnected
2024-08-06T01:07:33.926+05:30  INFO 17472 --- [MovieBookingApplication] [org.springframework.kafka.KafkaListenerEndpointContainer#0-0-C-1] org.apache.kafka.clients.NetworkClient   : [Consumer clientId=consumer-myGroup-1, groupId=myGroup] Node -1 disconnected.
2024-08-06T01:07:33.931+05:30  WARN 17472 --- [MovieBookingApplication] [org.springframework.kafka.KafkaListenerEndpointContainer#0-0-C-1] org.apache.kafka.clients.NetworkClient   : [Consumer clientId=consumer-myGroup-1, groupId=myGroup] Connection to node -1 (localhost/127.0.0.1:9092) could not be established. Node may not be available.
2024-08-06T01:07:33.932+05:30  WARN 17472 --- [MovieBookingApplication] [org.springframework.kafka.KafkaListenerEndpointContainer#0-0-C-1] org.apache.kafka.clients.NetworkClient   : [Consumer clientId=consumer-myGroup-1, groupId=myGroup] Bootstrap broker localhost:9092 (id: -1 rack: null) disconnected
2024-08-06T01:07:34.787+05:30  INFO 17472 --- [MovieBookingApplication] [org.springframework.kafka.KafkaListenerEndpointContainer#0-0-C-1] org.apache.kafka.clients.NetworkClient   : [Consumer clientId=consumer-myGroup-1, groupId=myGroup] Node -1 disconnected.
2024-08-06T01:07:34.787+05:30  WARN 17472 --- [MovieBookingApplication] [org.springframework.kafka.KafkaListenerEndpointContainer#0-0-C-1] org.apache.kafka.clients.NetworkClient   : [Consumer clientId=consumer-myGroup-1, groupId=myGroup] Connection to node -1 (localhost/127.0.0.1:9092) could not be established. Node may not be available.
2024-08-06T01:07:34.787+05:30  WARN 17472 --- [MovieBookingApplication] [org.springframework.kafka.KafkaListenerEndpointContainer#0-0-C-1] org.apache.kafka.clients.NetworkClient   : [Consumer clientId=consumer-myGroup-1, groupId=myGroup] Bootstrap broker localhost:9092 (id: -1 rack: null) disconnected
2024-08-06T01:07:35.772+05:30  INFO 17472 --- [MovieBookingApplication] [org.springframework.kafka.KafkaListenerEndpointContainer#0-0-C-1] org.apache.kafka.clients.NetworkClient   : [Consumer clientId=consumer-myGroup-1, groupId=myGroup] Node -1 disconnected.
2024-08-06T01:07:35.772+05:30  WARN 17472 --- [MovieBookingApplication] [org.springframework.kafka.KafkaListenerEndpointContainer#0-0-C-1] org.apache.kafka.clients.NetworkClient   : [Consumer clientId=consumer-myGroup-1, groupId=myGroup] Connection to node -1 (localhost/127.0.0.1:9092) could not be established. Node may not be available.
2024-08-06T01:07:35.777+05:30  WARN 17472 --- [MovieBookingApplication] [org.springframework.kafka.KafkaListenerEndpointContainer#0-0-C-1] org.apache.kafka.clients.NetworkClient   : [Consumer clientId=consumer-myGroup-1, groupId=myGroup] Bootstrap broker localhost:9092 (id: -1 rack: null) disconnected
2024-08-06T01:07:36.766+05:30  INFO 17472 --- [MovieBookingApplication] [org.springframework.kafka.KafkaListenerEndpointContainer#0-0-C-1] org.apache.kafka.clients.NetworkClient   : [Consumer clientId=consumer-myGroup-1, groupId=myGroup] Node -1 disconnected.
2024-08-06T01:07:36.767+05:30  WARN 17472 --- [MovieBookingApplication] [org.springframework.kafka.KafkaListenerEndpointContainer#0-0-C-1] org.apache.kafka.clients.NetworkClient   : [Consumer clientId=consumer-myGroup-1, groupId=myGroup] Connection to node -1 (localhost/127.0.0.1:9092) could not be established. Node may not be available.
2024-08-06T01:07:36.767+05:30  WARN 17472 --- [MovieBookingApplication] [org.springframework.kafka.KafkaListenerEndpointContainer#0-0-C-1] org.apache.kafka.clients.NetworkClient   : [Consumer clientId=consumer-myGroup-1, groupId=myGroup] Bootstrap broker localhost:9092 (id: -1 rack: null) disconnected
2024-08-06T01:07:37.788+05:30  INFO 17472 --- [MovieBookingApplication] [org.springframework.kafka.KafkaListenerEndpointContainer#0-0-C-1] org.apache.kafka.clients.NetworkClient   : [Consumer clientId=consumer-myGroup-1, groupId=myGroup] Node -1 disconnected.
2024-08-06T01:07:37.788+05:30  WARN 17472 --- [MovieBookingApplication] [org.springframework.kafka.KafkaListenerEndpointContainer#0-0-C-1] org.apache.kafka.clients.NetworkClient   : [Consumer clientId=consumer-myGroup-1, groupId=myGroup] Connection to node -1 (localhost/127.0.0.1:9092) could not be established. Node may not be available.
2024-08-06T01:07:37.789+05:30  WARN 17472 --- [MovieBookingApplication] [org.springframework.kafka.KafkaListenerEndpointContainer#0-0-C-1] org.apache.kafka.clients.NetworkClient   : [Consumer clientId=consumer-myGroup-1, groupId=myGroup] Bootstrap broker localhost:9092 (id: -1 rack: null) disconnected
2024-08-06T01:07:38.790+05:30  INFO 17472 --- [MovieBookingApplication] [org.springframework.kafka.KafkaListenerEndpointContainer#0-0-C-1] org.apache.kafka.clients.NetworkClient   : [Consumer clientId=consumer-myGroup-1, groupId=myGroup] Node -1 disconnected.
2024-08-06T01:07:38.793+05:30  WARN 17472 --- [MovieBookingApplication] [org.springframework.kafka.KafkaListenerEndpointContainer#0-0-C-1] org.apache.kafka.clients.NetworkClient   : [Consumer clientId=consumer-myGroup-1, groupId=myGroup] Connection to node -1 (localhost/127.0.0.1:9092) could not be established. Node may not be available.
2024-08-06T01:07:38.793+05:30  WARN 17472 --- [MovieBookingApplication] [org.springframework.kafka.KafkaListenerEndpointContainer#0-0-C-1] org.apache.kafka.clients.NetworkClient   : [Consumer clientId=consumer-myGroup-1, groupId=myGroup] Bootstrap broker localhost:9092 (id: -1 rack: null) disconnected
2024-08-06T01:07:39.791+05:30  INFO 17472 --- [MovieBookingApplication] [org.springframework.kafka.KafkaListenerEndpointContainer#0-0-C-1] org.apache.kafka.clients.NetworkClient   : [Consumer clientId=consumer-myGroup-1, groupId=myGroup] Node -1 disconnected.
2024-08-06T01:07:39.791+05:30  WARN 17472 --- [MovieBookingApplication] [org.springframework.kafka.KafkaListenerEndpointContainer#0-0-C-1] org.apache.kafka.clients.NetworkClient   : [Consumer clientId=consumer-myGroup-1, groupId=myGroup] Connection to node -1 (localhost/127.0.0.1:9092) could not be established. Node may not be available.
2024-08-06T01:07:39.791+05:30  WARN 17472 --- [MovieBookingApplication] [org.springframework.kafka.KafkaListenerEndpointContainer#0-0-C-1] org.apache.kafka.clients.NetworkClient   : [Consumer clientId=consumer-myGroup-1, groupId=myGroup] Bootstrap broker localhost:9092 (id: -1 rack: null) disconnected
2024-08-06T01:07:40.791+05:30  INFO 17472 --- [MovieBookingApplication] [org.springframework.kafka.KafkaListenerEndpointContainer#0-0-C-1] org.apache.kafka.clients.NetworkClient   : [Consumer clientId=consumer-myGroup-1, groupId=myGroup] Node -1 disconnected.
2024-08-06T01:07:40.791+05:30  WARN 17472 --- [MovieBookingApplication] [org.springframework.kafka.KafkaListenerEndpointContainer#0-0-C-1] org.apache.kafka.clients.NetworkClient   : [Consumer clientId=consumer-myGroup-1, groupId=myGroup] Connection to node -1 (localhost/127.0.0.1:9092) could not be established. Node may not be available.
2024-08-06T01:07:40.792+05:30  WARN 17472 --- [MovieBookingApplication] [org.springframework.kafka.KafkaListenerEndpointContainer#0-0-C-1] org.apache.kafka.clients.NetworkClient   : [Consumer clientId=consumer-myGroup-1, groupId=myGroup] Bootstrap broker localhost:9092 (id: -1 rack: null) disconnected
2024-08-06T01:07:41.630+05:30  INFO 17472 --- [MovieBookingApplication] [org.springframework.kafka.KafkaListenerEndpointContainer#0-0-C-1] org.apache.kafka.clients.NetworkClient   : [Consumer clientId=consumer-myGroup-1, groupId=myGroup] Node -1 disconnected.
2024-08-06T01:07:41.630+05:30  WARN 17472 --- [MovieBookingApplication] [org.springframework.kafka.KafkaListenerEndpointContainer#0-0-C-1] org.apache.kafka.clients.NetworkClient   : [Consumer clientId=consumer-myGroup-1, groupId=myGroup] Connection to node -1 (localhost/127.0.0.1:9092) could not be established. Node may not be available.
2024-08-06T01:07:41.631+05:30  WARN 17472 --- [MovieBookingApplication] [org.springframework.kafka.KafkaListenerEndpointContainer#0-0-C-1] org.apache.kafka.clients.NetworkClient   : [Consumer clientId=consumer-myGroup-1, groupId=myGroup] Bootstrap broker localhost:9092 (id: -1 rack: null) disconnected
2024-08-06T01:07:42.601+05:30  INFO 17472 --- [MovieBookingApplication] [org.springframework.kafka.KafkaListenerEndpointContainer#0-0-C-1] org.apache.kafka.clients.NetworkClient   : [Consumer clientId=consumer-myGroup-1, groupId=myGroup] Node -1 disconnected.
2024-08-06T01:07:42.601+05:30  WARN 17472 --- [MovieBookingApplication] [org.springframework.kafka.KafkaListenerEndpointContainer#0-0-C-1] org.apache.kafka.clients.NetworkClient   : [Consumer clientId=consumer-myGroup-1, groupId=myGroup] Connection to node -1 (localhost/127.0.0.1:9092) could not be established. Node may not be available.
2024-08-06T01:07:42.601+05:30  WARN 17472 --- [MovieBookingApplication] [org.springframework.kafka.KafkaListenerEndpointContainer#0-0-C-1] org.apache.kafka.clients.NetworkClient   : [Consumer clientId=consumer-myGroup-1, groupId=myGroup] Bootstrap broker localhost:9092 (id: -1 rack: null) disconnected
2024-08-06T01:07:43.568+05:30  INFO 17472 --- [MovieBookingApplication] [org.springframework.kafka.KafkaListenerEndpointContainer#0-0-C-1] org.apache.kafka.clients.NetworkClient   : [Consumer clientId=consumer-myGroup-1, groupId=myGroup] Node -1 disconnected.
2024-08-06T01:07:43.569+05:30  WARN 17472 --- [MovieBookingApplication] [org.springframework.kafka.KafkaListenerEndpointContainer#0-0-C-1] org.apache.kafka.clients.NetworkClient   : [Consumer clientId=consumer-myGroup-1, groupId=myGroup] Connection to node -1 (localhost/127.0.0.1:9092) could not be established. Node may not be available.
2024-08-06T01:07:43.570+05:30  WARN 17472 --- [MovieBookingApplication] [org.springframework.kafka.KafkaListenerEndpointContainer#0-0-C-1] org.apache.kafka.clients.NetworkClient   : [Consumer clientId=consumer-myGroup-1, groupId=myGroup] Bootstrap broker localhost:9092 (id: -1 rack: null) disconnected
2024-08-06T01:07:44.578+05:30  INFO 17472 --- [MovieBookingApplication] [org.springframework.kafka.KafkaListenerEndpointContainer#0-0-C-1] org.apache.kafka.clients.NetworkClient   : [Consumer clientId=consumer-myGroup-1, groupId=myGroup] Node -1 disconnected.
2024-08-06T01:07:44.580+05:30  WARN 17472 --- [MovieBookingApplication] [org.springframework.kafka.KafkaListenerEndpointContainer#0-0-C-1] org.apache.kafka.clients.NetworkClient   : [Consumer clientId=consumer-myGroup-1, groupId=myGroup] Connection to node -1 (localhost/127.0.0.1:9092) could not be established. Node may not be available.
2024-08-06T01:07:44.580+05:30  WARN 17472 --- [MovieBookingApplication] [org.springframework.kafka.KafkaListenerEndpointContainer#0-0-C-1] org.apache.kafka.clients.NetworkClient   : [Consumer clientId=consumer-myGroup-1, groupId=myGroup] Bootstrap broker localhost:9092 (id: -1 rack: null) disconnected
2024-08-06T01:07:45.443+05:30  INFO 17472 --- [MovieBookingApplication] [org.springframework.kafka.KafkaListenerEndpointContainer#0-0-C-1] org.apache.kafka.clients.NetworkClient   : [Consumer clientId=consumer-myGroup-1, groupId=myGroup] Node -1 disconnected.
2024-08-06T01:07:45.443+05:30  WARN 17472 --- [MovieBookingApplication] [org.springframework.kafka.KafkaListenerEndpointContainer#0-0-C-1] org.apache.kafka.clients.NetworkClient   : [Consumer clientId=consumer-myGroup-1, groupId=myGroup] Connection to node -1 (localhost/127.0.0.1:9092) could not be established. Node may not be available.
2024-08-06T01:07:45.443+05:30  WARN 17472 --- [MovieBookingApplication] [org.springframework.kafka.KafkaListenerEndpointContainer#0-0-C-1] org.apache.kafka.clients.NetworkClient   : [Consumer clientId=consumer-myGroup-1, groupId=myGroup] Bootstrap broker localhost:9092 (id: -1 rack: null) disconnected
2024-08-06T01:07:46.466+05:30  INFO 17472 --- [MovieBookingApplication] [org.springframework.kafka.KafkaListenerEndpointContainer#0-0-C-1] org.apache.kafka.clients.NetworkClient   : [Consumer clientId=consumer-myGroup-1, groupId=myGroup] Node -1 disconnected.
2024-08-06T01:07:46.466+05:30  WARN 17472 --- [MovieBookingApplication] [org.springframework.kafka.KafkaListenerEndpointContainer#0-0-C-1] org.apache.kafka.clients.NetworkClient   : [Consumer clientId=consumer-myGroup-1, groupId=myGroup] Connection to node -1 (localhost/127.0.0.1:9092) could not be established. Node may not be available.
2024-08-06T01:07:46.467+05:30  WARN 17472 --- [MovieBookingApplication] [org.springframework.kafka.KafkaListenerEndpointContainer#0-0-C-1] org.apache.kafka.clients.NetworkClient   : [Consumer clientId=consumer-myGroup-1, groupId=myGroup] Bootstrap broker localhost:9092 (id: -1 rack: null) disconnected
2024-08-06T01:07:47.479+05:30  INFO 17472 --- [MovieBookingApplication] [org.springframework.kafka.KafkaListenerEndpointContainer#0-0-C-1] org.apache.kafka.clients.NetworkClient   : [Consumer clientId=consumer-myGroup-1, groupId=myGroup] Node -1 disconnected.
2024-08-06T01:07:47.486+05:30  WARN 17472 --- [MovieBookingApplication] [org.springframework.kafka.KafkaListenerEndpointContainer#0-0-C-1] org.apache.kafka.clients.NetworkClient   : [Consumer clientId=consumer-myGroup-1, groupId=myGroup] Connection to node -1 (localhost/127.0.0.1:9092) could not be established. Node may not be available.
2024-08-06T01:07:47.487+05:30  WARN 17472 --- [MovieBookingApplication] [org.springframework.kafka.KafkaListenerEndpointContainer#0-0-C-1] org.apache.kafka.clients.NetworkClient   : [Consumer clientId=consumer-myGroup-1, groupId=myGroup] Bootstrap broker localhost:9092 (id: -1 rack: null) disconnected
2024-08-06T01:07:48.479+05:30  INFO 17472 --- [MovieBookingApplication] [org.springframework.kafka.KafkaListenerEndpointContainer#0-0-C-1] org.apache.kafka.clients.NetworkClient   : [Consumer clientId=consumer-myGroup-1, groupId=myGroup] Node -1 disconnected.
2024-08-06T01:07:48.480+05:30  WARN 17472 --- [MovieBookingApplication] [org.springframework.kafka.KafkaListenerEndpointContainer#0-0-C-1] org.apache.kafka.clients.NetworkClient   : [Consumer clientId=consumer-myGroup-1, groupId=myGroup] Connection to node -1 (localhost/127.0.0.1:9092) could not be established. Node may not be available.
2024-08-06T01:07:48.481+05:30  WARN 17472 --- [MovieBookingApplication] [org.springframework.kafka.KafkaListenerEndpointContainer#0-0-C-1] org.apache.kafka.clients.NetworkClient   : [Consumer clientId=consumer-myGroup-1, groupId=myGroup] Bootstrap broker localhost:9092 (id: -1 rack: null) disconnected
2024-08-06T01:07:49.450+05:30  INFO 17472 --- [MovieBookingApplication] [org.springframework.kafka.KafkaListenerEndpointContainer#0-0-C-1] org.apache.kafka.clients.NetworkClient   : [Consumer clientId=consumer-myGroup-1, groupId=myGroup] Node -1 disconnected.
2024-08-06T01:07:49.450+05:30  WARN 17472 --- [MovieBookingApplication] [org.springframework.kafka.KafkaListenerEndpointContainer#0-0-C-1] org.apache.kafka.clients.NetworkClient   : [Consumer clientId=consumer-myGroup-1, groupId=myGroup] Connection to node -1 (localhost/127.0.0.1:9092) could not be established. Node may not be available.
2024-08-06T01:07:49.450+05:30  WARN 17472 --- [MovieBookingApplication] [org.springframework.kafka.KafkaListenerEndpointContainer#0-0-C-1] org.apache.kafka.clients.NetworkClient   : [Consumer clientId=consumer-myGroup-1, groupId=myGroup] Bootstrap broker localhost:9092 (id: -1 rack: null) disconnected
2024-08-06T01:07:50.410+05:30  INFO 17472 --- [MovieBookingApplication] [org.springframework.kafka.KafkaListenerEndpointContainer#0-0-C-1] org.apache.kafka.clients.NetworkClient   : [Consumer clientId=consumer-myGroup-1, groupId=myGroup] Node -1 disconnected.
2024-08-06T01:07:50.410+05:30  WARN 17472 --- [MovieBookingApplication] [org.springframework.kafka.KafkaListenerEndpointContainer#0-0-C-1] org.apache.kafka.clients.NetworkClient   : [Consumer clientId=consumer-myGroup-1, groupId=myGroup] Connection to node -1 (localhost/127.0.0.1:9092) could not be established. Node may not be available.
2024-08-06T01:07:50.410+05:30  WARN 17472 --- [MovieBookingApplication] [org.springframework.kafka.KafkaListenerEndpointContainer#0-0-C-1] org.apache.kafka.clients.NetworkClient   : [Consumer clientId=consumer-myGroup-1, groupId=myGroup] Bootstrap broker localhost:9092 (id: -1 rack: null) disconnected
2024-08-06T01:07:51.421+05:30  INFO 17472 --- [MovieBookingApplication] [org.springframework.kafka.KafkaListenerEndpointContainer#0-0-C-1] org.apache.kafka.clients.NetworkClient   : [Consumer clientId=consumer-myGroup-1, groupId=myGroup] Node -1 disconnected.
2024-08-06T01:07:51.421+05:30  WARN 17472 --- [MovieBookingApplication] [org.springframework.kafka.KafkaListenerEndpointContainer#0-0-C-1] org.apache.kafka.clients.NetworkClient   : [Consumer clientId=consumer-myGroup-1, groupId=myGroup] Connection to node -1 (localhost/127.0.0.1:9092) could not be established. Node may not be available.
2024-08-06T01:07:51.421+05:30  WARN 17472 --- [MovieBookingApplication] [org.springframework.kafka.KafkaListenerEndpointContainer#0-0-C-1] org.apache.kafka.clients.NetworkClient   : [Consumer clientId=consumer-myGroup-1, groupId=myGroup] Bootstrap broker localhost:9092 (id: -1 rack: null) disconnected
2024-08-06T01:07:52.432+05:30  INFO 17472 --- [MovieBookingApplication] [org.springframework.kafka.KafkaListenerEndpointContainer#0-0-C-1] org.apache.kafka.clients.NetworkClient   : [Consumer clientId=consumer-myGroup-1, groupId=myGroup] Node -1 disconnected.
2024-08-06T01:07:52.432+05:30  WARN 17472 --- [MovieBookingApplication] [org.springframework.kafka.KafkaListenerEndpointContainer#0-0-C-1] org.apache.kafka.clients.NetworkClient   : [Consumer clientId=consumer-myGroup-1, groupId=myGroup] Connection to node -1 (localhost/127.0.0.1:9092) could not be established. Node may not be available.
2024-08-06T01:07:52.432+05:30  WARN 17472 --- [MovieBookingApplication] [org.springframework.kafka.KafkaListenerEndpointContainer#0-0-C-1] org.apache.kafka.clients.NetworkClient   : [Consumer clientId=consumer-myGroup-1, groupId=myGroup] Bootstrap broker localhost:9092 (id: -1 rack: null) disconnected
2024-08-06T01:07:53.239+05:30  INFO 17472 --- [MovieBookingApplication] [org.springframework.kafka.KafkaListenerEndpointContainer#0-0-C-1] org.apache.kafka.clients.NetworkClient   : [Consumer clientId=consumer-myGroup-1, groupId=myGroup] Node -1 disconnected.
2024-08-06T01:07:53.240+05:30  WARN 17472 --- [MovieBookingApplication] [org.springframework.kafka.KafkaListenerEndpointContainer#0-0-C-1] org.apache.kafka.clients.NetworkClient   : [Consumer clientId=consumer-myGroup-1, groupId=myGroup] Connection to node -1 (localhost/127.0.0.1:9092) could not be established. Node may not be available.
2024-08-06T01:07:53.244+05:30  WARN 17472 --- [MovieBookingApplication] [org.springframework.kafka.KafkaListenerEndpointContainer#0-0-C-1] org.apache.kafka.clients.NetworkClient   : [Consumer clientId=consumer-myGroup-1, groupId=myGroup] Bootstrap broker localhost:9092 (id: -1 rack: null) disconnected
2024-08-06T01:07:54.154+05:30  INFO 17472 --- [MovieBookingApplication] [org.springframework.kafka.KafkaListenerEndpointContainer#0-0-C-1] org.apache.kafka.clients.NetworkClient   : [Consumer clientId=consumer-myGroup-1, groupId=myGroup] Node -1 disconnected.
2024-08-06T01:07:54.159+05:30  WARN 17472 --- [MovieBookingApplication] [org.springframework.kafka.KafkaListenerEndpointContainer#0-0-C-1] org.apache.kafka.clients.NetworkClient   : [Consumer clientId=consumer-myGroup-1, groupId=myGroup] Connection to node -1 (localhost/127.0.0.1:9092) could not be established. Node may not be available.
2024-08-06T01:07:54.159+05:30  WARN 17472 --- [MovieBookingApplication] [org.springframework.kafka.KafkaListenerEndpointContainer#0-0-C-1] org.apache.kafka.clients.NetworkClient   : [Consumer clientId=consumer-myGroup-1, groupId=myGroup] Bootstrap broker localhost:9092 (id: -1 rack: null) disconnected
2024-08-06T01:07:55.120+05:30  INFO 17472 --- [MovieBookingApplication] [org.springframework.kafka.KafkaListenerEndpointContainer#0-0-C-1] org.apache.kafka.clients.NetworkClient   : [Consumer clientId=consumer-myGroup-1, groupId=myGroup] Node -1 disconnected.
2024-08-06T01:07:55.120+05:30  WARN 17472 --- [MovieBookingApplication] [org.springframework.kafka.KafkaListenerEndpointContainer#0-0-C-1] org.apache.kafka.clients.NetworkClient   : [Consumer clientId=consumer-myGroup-1, groupId=myGroup] Connection to node -1 (localhost/127.0.0.1:9092) could not be established. Node may not be available.
2024-08-06T01:07:55.121+05:30  WARN 17472 --- [MovieBookingApplication] [org.springframework.kafka.KafkaListenerEndpointContainer#0-0-C-1] org.apache.kafka.clients.NetworkClient   : [Consumer clientId=consumer-myGroup-1, groupId=myGroup] Bootstrap broker localhost:9092 (id: -1 rack: null) disconnected
2024-08-06T01:07:55.980+05:30  INFO 17472 --- [MovieBookingApplication] [org.springframework.kafka.KafkaListenerEndpointContainer#0-0-C-1] org.apache.kafka.clients.NetworkClient   : [Consumer clientId=consumer-myGroup-1, groupId=myGroup] Node -1 disconnected.
2024-08-06T01:07:55.980+05:30  WARN 17472 --- [MovieBookingApplication] [org.springframework.kafka.KafkaListenerEndpointContainer#0-0-C-1] org.apache.kafka.clients.NetworkClient   : [Consumer clientId=consumer-myGroup-1, groupId=myGroup] Connection to node -1 (localhost/127.0.0.1:9092) could not be established. Node may not be available.
2024-08-06T01:07:55.981+05:30  WARN 17472 --- [MovieBookingApplication] [org.springframework.kafka.KafkaListenerEndpointContainer#0-0-C-1] org.apache.kafka.clients.NetworkClient   : [Consumer clientId=consumer-myGroup-1, groupId=myGroup] Bootstrap broker localhost:9092 (id: -1 rack: null) disconnected
2024-08-06T01:07:56.990+05:30  INFO 17472 --- [MovieBookingApplication] [org.springframework.kafka.KafkaListenerEndpointContainer#0-0-C-1] org.apache.kafka.clients.NetworkClient   : [Consumer clientId=consumer-myGroup-1, groupId=myGroup] Node -1 disconnected.
2024-08-06T01:07:56.993+05:30  WARN 17472 --- [MovieBookingApplication] [org.springframework.kafka.KafkaListenerEndpointContainer#0-0-C-1] org.apache.kafka.clients.NetworkClient   : [Consumer clientId=consumer-myGroup-1, groupId=myGroup] Connection to node -1 (localhost/127.0.0.1:9092) could not be established. Node may not be available.
2024-08-06T01:07:56.993+05:30  WARN 17472 --- [MovieBookingApplication] [org.springframework.kafka.KafkaListenerEndpointContainer#0-0-C-1] org.apache.kafka.clients.NetworkClient   : [Consumer clientId=consumer-myGroup-1, groupId=myGroup] Bootstrap broker localhost:9092 (id: -1 rack: null) disconnected
2024-08-06T01:07:57.903+05:30  INFO 17472 --- [MovieBookingApplication] [org.springframework.kafka.KafkaListenerEndpointContainer#0-0-C-1] org.apache.kafka.clients.NetworkClient   : [Consumer clientId=consumer-myGroup-1, groupId=myGroup] Node -1 disconnected.
2024-08-06T01:07:57.904+05:30  WARN 17472 --- [MovieBookingApplication] [org.springframework.kafka.KafkaListenerEndpointContainer#0-0-C-1] org.apache.kafka.clients.NetworkClient   : [Consumer clientId=consumer-myGroup-1, groupId=myGroup] Connection to node -1 (localhost/127.0.0.1:9092) could not be established. Node may not be available.
2024-08-06T01:07:57.905+05:30  WARN 17472 --- [MovieBookingApplication] [org.springframework.kafka.KafkaListenerEndpointContainer#0-0-C-1] org.apache.kafka.clients.NetworkClient   : [Consumer clientId=consumer-myGroup-1, groupId=myGroup] Bootstrap broker localhost:9092 (id: -1 rack: null) disconnected
2024-08-06T01:07:58.863+05:30  INFO 17472 --- [MovieBookingApplication] [org.springframework.kafka.KafkaListenerEndpointContainer#0-0-C-1] org.apache.kafka.clients.NetworkClient   : [Consumer clientId=consumer-myGroup-1, groupId=myGroup] Node -1 disconnected.
2024-08-06T01:07:58.863+05:30  WARN 17472 --- [MovieBookingApplication] [org.springframework.kafka.KafkaListenerEndpointContainer#0-0-C-1] org.apache.kafka.clients.NetworkClient   : [Consumer clientId=consumer-myGroup-1, groupId=myGroup] Connection to node -1 (localhost/127.0.0.1:9092) could not be established. Node may not be available.
2024-08-06T01:07:58.864+05:30  WARN 17472 --- [MovieBookingApplication] [org.springframework.kafka.KafkaListenerEndpointContainer#0-0-C-1] org.apache.kafka.clients.NetworkClient   : [Consumer clientId=consumer-myGroup-1, groupId=myGroup] Bootstrap broker localhost:9092 (id: -1 rack: null) disconnected
2024-08-06T01:07:59.865+05:30  INFO 17472 --- [MovieBookingApplication] [org.springframework.kafka.KafkaListenerEndpointContainer#0-0-C-1] org.apache.kafka.clients.NetworkClient   : [Consumer clientId=consumer-myGroup-1, groupId=myGroup] Node -1 disconnected.
2024-08-06T01:07:59.866+05:30  WARN 17472 --- [MovieBookingApplication] [org.springframework.kafka.KafkaListenerEndpointContainer#0-0-C-1] org.apache.kafka.clients.NetworkClient   : [Consumer clientId=consumer-myGroup-1, groupId=myGroup] Connection to node -1 (localhost/127.0.0.1:9092) could not be established. Node may not be available.
2024-08-06T01:07:59.866+05:30  WARN 17472 --- [MovieBookingApplication] [org.springframework.kafka.KafkaListenerEndpointContainer#0-0-C-1] org.apache.kafka.clients.NetworkClient   : [Consumer clientId=consumer-myGroup-1, groupId=myGroup] Bootstrap broker localhost:9092 (id: -1 rack: null) disconnected
2024-08-06T01:08:00.866+05:30  INFO 17472 --- [MovieBookingApplication] [org.springframework.kafka.KafkaListenerEndpointContainer#0-0-C-1] org.apache.kafka.clients.NetworkClient   : [Consumer clientId=consumer-myGroup-1, groupId=myGroup] Node -1 disconnected.
2024-08-06T01:08:00.866+05:30  WARN 17472 --- [MovieBookingApplication] [org.springframework.kafka.KafkaListenerEndpointContainer#0-0-C-1] org.apache.kafka.clients.NetworkClient   : [Consumer clientId=consumer-myGroup-1, groupId=myGroup] Connection to node -1 (localhost/127.0.0.1:9092) could not be established. Node may not be available.
2024-08-06T01:08:00.866+05:30  WARN 17472 --- [MovieBookingApplication] [org.springframework.kafka.KafkaListenerEndpointContainer#0-0-C-1] org.apache.kafka.clients.NetworkClient   : [Consumer clientId=consumer-myGroup-1, groupId=myGroup] Bootstrap broker localhost:9092 (id: -1 rack: null) disconnected
2024-08-06T01:08:01.317+05:30  INFO 17472 --- [MovieBookingApplication] [RMI TCP Connection(9)-127.0.0.1] inMXBeanRegistrar$SpringApplicationAdmin : Application shutdown requested.
2024-08-06T01:08:01.327+05:30  INFO 17472 --- [MovieBookingApplication] [org.springframework.kafka.KafkaListenerEndpointContainer#0-0-C-1] o.a.k.c.c.internals.ConsumerCoordinator  : [Consumer clientId=consumer-myGroup-1, groupId=myGroup] Resetting generation and member id due to: consumer pro-actively leaving the group
2024-08-06T01:08:01.327+05:30  INFO 17472 --- [MovieBookingApplication] [org.springframework.kafka.KafkaListenerEndpointContainer#0-0-C-1] o.a.k.c.c.internals.ConsumerCoordinator  : [Consumer clientId=consumer-myGroup-1, groupId=myGroup] Request joining group due to: consumer pro-actively leaving the group
2024-08-06T01:08:01.327+05:30  INFO 17472 --- [MovieBookingApplication] [org.springframework.kafka.KafkaListenerEndpointContainer#0-0-C-1] o.a.k.c.c.internals.LegacyKafkaConsumer  : [Consumer clientId=consumer-myGroup-1, groupId=myGroup] Unsubscribed all topics or patterns and assigned partitions
2024-08-06T01:08:01.329+05:30  INFO 17472 --- [MovieBookingApplication] [org.springframework.kafka.KafkaListenerEndpointContainer#0-0-C-1] o.a.k.c.c.internals.ConsumerCoordinator  : [Consumer clientId=consumer-myGroup-1, groupId=myGroup] Resetting generation and member id due to: consumer pro-actively leaving the group
2024-08-06T01:08:01.329+05:30  INFO 17472 --- [MovieBookingApplication] [org.springframework.kafka.KafkaListenerEndpointContainer#0-0-C-1] o.a.k.c.c.internals.ConsumerCoordinator  : [Consumer clientId=consumer-myGroup-1, groupId=myGroup] Request joining group due to: consumer pro-actively leaving the group
2024-08-06T01:08:01.332+05:30  INFO 17472 --- [MovieBookingApplication] [org.springframework.kafka.KafkaListenerEndpointContainer#0-0-C-1] o.apache.kafka.common.metrics.Metrics    : Metrics scheduler closed
2024-08-06T01:08:01.332+05:30  INFO 17472 --- [MovieBookingApplication] [org.springframework.kafka.KafkaListenerEndpointContainer#0-0-C-1] o.apache.kafka.common.metrics.Metrics    : Closing reporter org.apache.kafka.common.metrics.JmxReporter
2024-08-06T01:08:01.332+05:30  INFO 17472 --- [MovieBookingApplication] [org.springframework.kafka.KafkaListenerEndpointContainer#0-0-C-1] o.apache.kafka.common.metrics.Metrics    : Closing reporter org.apache.kafka.common.telemetry.internals.ClientTelemetryReporter
2024-08-06T01:08:01.332+05:30  INFO 17472 --- [MovieBookingApplication] [org.springframework.kafka.KafkaListenerEndpointContainer#0-0-C-1] o.apache.kafka.common.metrics.Metrics    : Metrics reporters closed
2024-08-06T01:08:01.335+05:30  INFO 17472 --- [MovieBookingApplication] [org.springframework.kafka.KafkaListenerEndpointContainer#0-0-C-1] o.a.kafka.common.utils.AppInfoParser     : App info kafka.consumer for consumer-myGroup-1 unregistered
2024-08-06T01:08:01.335+05:30  INFO 17472 --- [MovieBookingApplication] [org.springframework.kafka.KafkaListenerEndpointContainer#0-0-C-1] o.s.k.l.KafkaMessageListenerContainer    : myGroup: Consumer stopped
